2022-02-23 10:59:35.345163 [info] : ========== Server init ==========
2022-02-23 10:59:41.106653 [info] : DealListen:6
2022-02-23 10:59:41.106926 [info] : DealRead:6
2022-02-23 10:59:41.110643 [info] : DealRead:6
2022-02-23 10:59:41.110976 [info] : CloseConn6
2022-02-23 10:59:41.112518 [info] : DealListen:7
2022-02-23 10:59:41.143992 [info] : DealRead:7
2022-02-23 10:59:41.146980 [info] : DealRead:7
2022-02-23 10:59:41.147550 [info] : CloseConn7
2022-02-23 10:59:41.361533 [info] : DealListen:8
2022-02-23 10:59:41.361784 [info] : DealRead:8
2022-02-23 10:59:41.364832 [info] : DealRead:8
2022-02-23 10:59:41.365609 [info] : CloseConn8
2022-02-23 10:59:41.508427 [info] : DealListen:9
2022-02-23 10:59:41.508661 [info] : DealRead:9
2022-02-23 10:59:41.511743 [info] : DealRead:9
2022-02-23 10:59:41.512366 [info] : CloseConn9
2022-02-23 10:59:41.515063 [info] : DealListen:10
2022-02-23 10:59:41.515199 [info] : DealListen:11
2022-02-23 10:59:41.515306 [info] : DealListen:12
2022-02-23 10:59:41.515404 [info] : DealListen:13
2022-02-23 10:59:41.515699 [info] : DealRead:10
2022-02-23 10:59:41.519203 [info] : DealRead:11
2022-02-23 10:59:41.525357 [info] : DealRead:12
2022-02-23 10:59:41.530966 [info] : DealRead:13
2022-02-23 10:59:41.535565 [info] : DealRead:10
2022-02-23 10:59:41.538176 [info] : CloseConn10
2022-02-23 10:59:41.538243 [info] : DealRead:11
2022-02-23 10:59:41.538850 [info] : CloseConn11
2022-02-23 10:59:41.538901 [info] : DealRead:12
2022-02-23 10:59:41.539851 [info] : CloseConn12
2022-02-23 10:59:41.539898 [info] : DealRead:13
2022-02-23 10:59:41.540226 [info] : CloseConn13
2022-02-23 10:59:41.747060 [info] : DealListen:14
2022-02-23 10:59:41.747301 [info] : DealRead:14
2022-02-23 10:59:41.750198 [info] : DealRead:14
2022-02-23 10:59:41.750711 [info] : CloseConn14
2022-02-23 10:59:41.892139 [info] : DealListen:15
2022-02-23 10:59:41.892454 [info] : DealRead:15
2022-02-23 10:59:41.895372 [info] : DealRead:15
2022-02-23 10:59:41.896140 [info] : CloseConn15
2022-02-23 10:59:41.920404 [info] : DealListen:16
2022-02-23 10:59:41.920623 [info] : DealListen:17
2022-02-23 10:59:41.921335 [info] : DealRead:16
2022-02-23 10:59:41.924338 [info] : DealRead:16
2022-02-23 10:59:41.925267 [info] : CloseConn16
2022-02-23 10:59:41.925322 [info] : DealRead:17
2022-02-23 10:59:41.931215 [info] : DealListen:18
2022-02-23 10:59:41.931258 [info] : DealRead:17
2022-02-23 10:59:41.931675 [info] : CloseConn17
2022-02-23 10:59:41.931709 [info] : DealRead:18
2022-02-23 10:59:41.937453 [info] : DealListen:20
2022-02-23 10:59:41.937499 [info] : DealRead:18
2022-02-23 10:59:41.938519 [info] : CloseConn18
2022-02-23 10:59:41.938596 [info] : DealRead:20
2022-02-23 10:59:41.945581 [info] : DealRead:20
2022-02-23 10:59:41.945927 [info] : CloseConn20
2022-02-23 10:59:42.324841 [info] : DealListen:21
2022-02-23 10:59:42.325080 [info] : DealRead:21
2022-02-23 10:59:42.328012 [info] : DealRead:21
2022-02-23 10:59:42.328919 [info] : CloseConn21
2022-02-23 10:59:42.581738 [info] : DealListen:22
2022-02-23 10:59:45.615843 [info] : CloseConn22
2022-02-23 11:03:36.499086 [info] : DealListen:23
2022-02-23 11:03:36.499894 [info] : DealRead:23
2022-02-23 11:03:36.503685 [info] : DealListen:24
2022-02-23 11:03:36.503724 [info] : DealRead:23
2022-02-23 11:03:36.503884 [info] : CloseConn23
2022-02-23 11:03:36.630797 [info] : DealRead:24
2022-02-23 11:03:36.633788 [info] : DealRead:24
2022-02-23 11:03:36.634616 [info] : CloseConn24
2022-02-23 11:03:36.768989 [info] : DealListen:25
2022-02-23 11:03:41.475629 [info] : DealRead:25
2022-02-23 11:03:41.480767 [info] : DealRead:25
2022-02-23 11:03:41.482599 [info] : CloseConn25
2022-02-23 11:03:41.823233 [info] : DealListen:26
2022-02-23 11:03:41.823604 [info] : DealRead:26
2022-02-23 11:03:41.826525 [info] : DealRead:26
2022-02-23 11:03:41.827302 [info] : CloseConn26
2022-02-23 11:03:43.635468 [info] : DealListen:27
2022-02-23 11:03:43.636189 [info] : DealRead:27
2022-02-23 11:03:43.639132 [info] : DealRead:27
2022-02-23 11:03:43.639782 [info] : CloseConn27
2022-02-23 11:03:43.640448 [info] : DealListen:28
2022-02-23 11:03:43.893085 [info] : DealListen:29
2022-02-23 11:03:44.749549 [info] : DealRead:28
2022-02-23 11:03:44.758654 [info] : DealRead:28
2022-02-23 11:03:44.758859 [info] : CloseConn28
2022-02-23 11:03:44.794970 [info] : DealRead:29
2022-02-23 11:03:44.797997 [info] : DealRead:29
2022-02-23 11:03:44.798700 [info] : CloseConn29
2022-02-23 11:03:46.155523 [info] : DealListen:30
2022-02-23 11:03:46.155681 [info] : DealListen:31
2022-02-23 11:03:46.155795 [info] : DealRead:30
2022-02-23 11:03:46.158741 [info] : DealRead:30
2022-02-23 11:03:46.159460 [info] : CloseConn30
2022-02-23 11:03:46.422369 [info] : DealListen:32
2022-02-23 11:04:49.988765 [info] : CloseConn31
2022-02-23 11:04:49.992467 [info] : CloseConn32
2022-02-23 11:04:50.342612 [info] : DealListen:33
2022-02-23 11:04:50.343265 [info] : DealRead:33
2022-02-23 11:04:50.346635 [info] : DealRead:33
2022-02-23 11:04:50.346803 [info] : CloseConn33
2022-02-23 11:04:50.347160 [info] : DealListen:34
2022-02-23 11:04:50.603525 [info] : DealListen:35
2022-02-23 11:04:53.288286 [info] : DealRead:34
2022-02-23 11:04:53.294028 [info] : DealRead:34
2022-02-23 11:04:53.297590 [info] : CloseConn34
2022-02-23 11:04:53.328299 [info] : DealRead:35
2022-02-23 11:04:53.332354 [info] : DealRead:35
2022-02-23 11:04:53.332528 [info] : CloseConn35
2022-02-23 11:04:54.700304 [info] : DealListen:36
2022-02-23 11:04:54.701110 [info] : DealRead:36
2022-02-23 11:04:54.706612 [info] : DealListen:37
2022-02-23 11:04:54.706658 [info] : DealRead:36
2022-02-23 11:04:54.706824 [info] : CloseConn36
2022-02-23 11:04:54.742732 [info] : DealRead:37
2022-02-23 11:04:54.746454 [info] : DealRead:37
2022-02-23 11:04:54.746989 [info] : CloseConn37
2022-02-23 11:04:54.946195 [info] : DealListen:38
2022-02-23 11:04:55.288646 [info] : DealRead:38
2022-02-23 11:04:55.293744 [info] : DealRead:38
2022-02-23 11:04:55.294203 [info] : CloseConn38
2022-02-23 11:04:55.649825 [info] : DealListen:39
2022-02-23 11:04:55.650061 [info] : DealRead:39
2022-02-23 11:04:55.653039 [info] : DealRead:39
2022-02-23 11:04:55.653644 [info] : CloseConn39
2022-02-23 11:04:56.070481 [info] : DealListen:40
2022-02-23 11:04:56.070771 [info] : DealRead:40
2022-02-23 11:04:56.075895 [info] : DealListen:41
2022-02-23 11:04:56.075938 [info] : DealRead:40
2022-02-23 11:04:56.076379 [info] : CloseConn40
2022-02-23 11:04:56.127398 [info] : DealRead:41
2022-02-23 11:04:56.130361 [info] : DealRead:41
2022-02-23 11:04:56.131169 [info] : CloseConn41
2022-02-23 11:04:56.324000 [info] : DealListen:42
2022-02-23 11:04:56.500264 [info] : DealRead:42
2022-02-23 11:04:56.505681 [info] : DealRead:42
2022-02-23 11:04:56.505879 [info] : CloseConn42
2022-02-23 11:04:56.847340 [info] : DealListen:43
2022-02-23 11:04:56.847571 [info] : DealRead:43
2022-02-23 11:04:56.852740 [info] : DealRead:43
2022-02-23 11:04:56.852922 [info] : CloseConn43
2022-02-23 11:04:57.038294 [info] : DealListen:44
2022-02-23 11:04:57.038532 [info] : DealRead:44
2022-02-23 11:04:57.041463 [info] : DealRead:44
2022-02-23 11:04:57.042080 [info] : CloseConn44
2022-02-23 11:04:57.254903 [info] : DealListen:45
2022-02-23 11:05:06.993983 [info] : DealRead:45
2022-02-23 11:05:06.999387 [info] : DealRead:45
2022-02-23 11:05:06.999566 [info] : CloseConn45
2022-02-23 11:05:07.348402 [info] : DealListen:46
2022-02-23 11:05:07.348763 [info] : DealRead:46
2022-02-23 11:05:07.351691 [info] : DealRead:46
2022-02-23 11:05:07.352261 [info] : CloseConn46
2022-02-23 11:05:07.997819 [info] : DealListen:47
2022-02-23 11:05:07.998053 [info] : DealRead:47
2022-02-23 11:05:08.004891 [info] : DealListen:48
2022-02-23 11:05:08.004942 [info] : DealRead:47
2022-02-23 11:05:08.005092 [info] : CloseConn47
2022-02-23 11:05:08.041677 [info] : DealRead:48
2022-02-23 11:05:08.044681 [info] : DealRead:48
2022-02-23 11:05:08.045569 [info] : CloseConn48
2022-02-23 11:05:08.265091 [info] : DealListen:49
2022-02-23 11:05:12.171319 [info] : CloseConn49
2022-02-23 11:09:55.348174 [info] : ========== Server init ==========
2022-02-23 11:10:03.246523 [info] : DealListen:6
2022-02-23 11:10:03.246770 [info] : DealRead:6
2022-02-23 11:10:03.249992 [debug]: [GET], [/index.html], [1.1]
2022-02-23 11:10:03.250630 [info] : DealRead:6
2022-02-23 11:10:03.250805 [info] : CloseConn6
2022-02-23 11:10:03.266779 [info] : DealListen:7
2022-02-23 11:10:03.345817 [info] : DealRead:7
2022-02-23 11:10:03.348800 [debug]: [GET], [/index.html], [1.1]
2022-02-23 11:10:03.349534 [info] : DealRead:7
2022-02-23 11:10:03.349700 [info] : CloseConn7
2022-02-23 11:10:03.522982 [info] : DealListen:8
2022-02-23 11:11:04.660672 [info] : CloseConn8
2022-02-23 11:28:59.896233 [info] : ========== Server init ==========
2022-02-23 11:29:04.226548 [info] : DealListen:6
2022-02-23 11:29:04.228065 [info] : DealRead:6
2022-02-23 11:29:04.231243 [debug]: [GET], [/index.html], [1.1]
2022-02-23 11:29:04.231258 [debug]: IsKeepAlive:0
2022-02-23 11:29:04.232595 [info] : DealListen:7
2022-02-23 11:29:04.232620 [info] : DealRead:6
2022-02-23 11:29:04.232650 [info] : CloseConn6
2022-02-23 11:29:04.330235 [info] : DealRead:7
2022-02-23 11:29:04.333160 [debug]: [GET], [/index.html], [1.1]
2022-02-23 11:29:04.333176 [debug]: IsKeepAlive:0
2022-02-23 11:29:04.333244 [info] : DealRead:7
2022-02-23 11:29:04.333288 [info] : CloseConn7
2022-02-23 11:29:04.415735 [info] : DealListen:8
2022-02-23 11:30:08.565055 [info] : CloseConn8
2022-02-23 14:45:40.876654 [info] : ========== Server init ==========
2022-02-23 14:45:46.818824 [info] : DealListen:6
2022-02-23 14:45:46.819946 [info] : DealRead:6
2022-02-23 14:45:46.823211 [debug]: [GET], [/index.html], [1.1]
2022-02-23 14:45:46.823248 [debug]: IsKeepAlive:0
2022-02-23 14:45:46.823896 [info] : DealListen:8
2022-02-23 14:45:46.823946 [info] : DealWrite:6
2022-02-23 14:45:46.823996 [info] : CloseConn6
2022-02-23 14:45:46.915794 [info] : DealRead:8
2022-02-23 14:45:46.918950 [debug]: [GET], [/index.html], [1.1]
2022-02-23 14:45:46.918996 [debug]: IsKeepAlive:0
2022-02-23 14:45:46.919581 [info] : DealWrite:8
2022-02-23 14:45:46.919638 [info] : CloseConn8
2022-02-23 14:45:47.072331 [info] : DealListen:7
2022-02-23 14:45:49.203618 [info] : DealRead:7
2022-02-23 14:45:49.207834 [debug]: [POST], [/index.html], [1.1]
2022-02-23 14:45:49.207900 [debug]: IsKeepAlive:0
2022-02-23 14:45:49.208606 [info] : DealWrite:7
2022-02-23 14:45:49.208793 [info] : CloseConn7
2022-02-23 14:45:49.562282 [info] : DealListen:9
2022-02-23 14:45:49.562529 [info] : DealRead:9
2022-02-23 14:45:49.565579 [debug]: [GET], [/index.html], [1.1]
2022-02-23 14:45:49.565618 [debug]: IsKeepAlive:0
2022-02-23 14:45:49.565678 [info] : DealWrite:9
2022-02-23 14:45:49.565713 [info] : CloseConn9
2022-02-23 14:45:50.763420 [info] : DealListen:10
2022-02-23 14:45:50.763702 [info] : DealRead:10
2022-02-23 14:45:50.767731 [debug]: [POST], [/index.html], [1.1]
2022-02-23 14:45:50.768627 [info] : DealListen:11
2022-02-23 14:45:50.768668 [debug]: IsKeepAlive:0
2022-02-23 14:45:50.769374 [info] : DealWrite:10
2022-02-23 14:45:50.769424 [info] : CloseConn10
2022-02-23 14:45:50.821830 [info] : DealRead:11
2022-02-23 14:45:50.824821 [debug]: [GET], [/index.html], [1.1]
2022-02-23 14:45:50.824836 [debug]: IsKeepAlive:0
2022-02-23 14:45:50.825494 [info] : DealWrite:11
2022-02-23 14:45:50.825707 [info] : CloseConn11
2022-02-23 14:45:51.027121 [info] : DealListen:12
2022-02-23 14:45:51.255301 [info] : DealRead:12
2022-02-23 14:45:51.259433 [debug]: [POST], [/index.html], [1.1]
2022-02-23 14:45:51.259476 [debug]: IsKeepAlive:0
2022-02-23 14:45:51.260274 [info] : DealWrite:12
2022-02-23 14:45:51.260327 [info] : CloseConn12
2022-02-23 14:45:51.616745 [info] : DealListen:13
2022-02-23 14:45:51.616908 [info] : DealRead:13
2022-02-23 14:45:51.620911 [debug]: [POST], [/index.html], [1.1]
2022-02-23 14:45:51.620950 [debug]: IsKeepAlive:0
2022-02-23 14:45:51.621651 [info] : DealWrite:13
2022-02-23 14:45:51.621709 [info] : CloseConn13
2022-02-23 14:45:51.841222 [info] : DealListen:14
2022-02-23 14:45:51.841472 [info] : DealRead:14
2022-02-23 14:45:51.844446 [debug]: [GET], [/index.html], [1.1]
2022-02-23 14:45:51.844484 [debug]: IsKeepAlive:0
2022-02-23 14:45:51.845716 [info] : DealWrite:14
2022-02-23 14:45:51.845762 [info] : CloseConn14
2022-02-23 14:45:52.037197 [info] : DealListen:15
2022-02-23 14:45:52.037457 [info] : DealRead:15
2022-02-23 14:45:52.041408 [debug]: [POST], [/index.html], [1.1]
2022-02-23 14:45:52.041443 [debug]: IsKeepAlive:0
2022-02-23 14:45:52.042055 [info] : DealWrite:15
2022-02-23 14:45:52.042102 [info] : CloseConn15
2022-02-23 14:45:52.211408 [info] : DealListen:16
2022-02-23 14:45:52.211640 [info] : DealRead:16
2022-02-23 14:45:52.214552 [debug]: [GET], [/index.html], [1.1]
2022-02-23 14:45:52.214618 [debug]: IsKeepAlive:0
2022-02-23 14:45:52.215069 [info] : DealWrite:16
2022-02-23 14:45:52.215117 [info] : CloseConn16
2022-02-23 14:45:52.455437 [info] : DealListen:17
2022-02-23 14:45:52.455666 [info] : DealRead:17
2022-02-23 14:45:52.459624 [debug]: [POST], [/index.html], [1.1]
2022-02-23 14:45:52.459660 [debug]: IsKeepAlive:0
2022-02-23 14:45:52.460320 [info] : DealWrite:17
2022-02-23 14:45:52.460368 [info] : CloseConn17
2022-02-23 14:45:52.728067 [info] : DealListen:18
2022-02-23 14:45:52.728285 [info] : DealRead:18
2022-02-23 14:45:52.731219 [debug]: [GET], [/index.html], [1.1]
2022-02-23 14:45:52.731256 [debug]: IsKeepAlive:0
2022-02-23 14:45:52.731739 [info] : DealWrite:18
2022-02-23 14:45:52.731790 [info] : CloseConn18
2022-02-23 14:45:52.876074 [info] : DealListen:20
2022-02-23 14:45:56.047781 [info] : DealRead:20
2022-02-23 14:45:56.050931 [debug]: [GET], [/index.html], [1.1]
2022-02-23 14:45:56.050969 [debug]: IsKeepAlive:0
2022-02-23 14:45:56.051519 [info] : DealWrite:20
2022-02-23 14:45:56.051568 [info] : CloseConn20
2022-02-23 14:45:56.394256 [info] : DealListen:21
2022-02-23 14:45:56.394771 [info] : DealRead:21
2022-02-23 14:45:56.397790 [debug]: [GET], [/index.html], [1.1]
2022-02-23 14:45:56.397806 [debug]: IsKeepAlive:0
2022-02-23 14:45:56.398256 [info] : DealWrite:21
2022-02-23 14:45:56.398309 [info] : CloseConn21
