2022-03-03 16:57:12.308523 [info] : ========== Server init ==========
2022-03-03 16:57:23.420014 [info] : Client[6](127.0.0.1:52425) in, userCount:1
2022-03-03 16:57:23.420070 [info] : DealListen:6
2022-03-03 16:57:23.420189 [info] : Client[7](127.0.0.1:52937) in, userCount:2
2022-03-03 16:57:23.420206 [info] : DealListen:7
2022-03-03 16:57:23.421028 [info] : DealRead:6
2022-03-03 16:57:23.424295 [debug]: [GET], [/index.html], [1.1]
2022-03-03 16:57:23.424333 [debug]: IsKeepAlive:0
2022-03-03 16:57:23.424383 [info] : DealWrite:6
2022-03-03 16:57:23.424421 [info] : writev
2022-03-03 16:57:23.424444 [info] : CloseConn6
2022-03-03 16:57:23.425985 [info] : Client[-859242494]((null):-333879632) quit, UserCount:52425
2022-03-03 16:57:23.477305 [info] : DealRead:7
2022-03-03 16:57:23.480410 [debug]: [GET], [/css/bootstrap.min.css], [1.1]
2022-03-03 16:57:23.480452 [debug]: IsKeepAlive:0
2022-03-03 16:57:23.480506 [info] : DealWrite:7
2022-03-03 16:57:23.480595 [info] : writev
2022-03-03 16:57:23.480619 [info] : CloseConn7
2022-03-03 16:57:23.482034 [info] : Client[-825688062]((null):-308701520) quit, UserCount:52937
2022-03-03 16:57:23.705125 [info] : Client[6](127.0.0.1:53961) in, userCount:1
2022-03-03 16:57:23.705173 [info] : DealListen:6
2022-03-03 16:57:23.705369 [info] : DealRead:6
2022-03-03 16:57:23.708710 [debug]: [GET], [/css/animate.css], [1.1]
2022-03-03 16:57:23.708755 [debug]: IsKeepAlive:0
2022-03-03 16:57:23.708810 [info] : DealWrite:6
2022-03-03 16:57:23.708878 [info] : writev
2022-03-03 16:57:23.708903 [info] : CloseConn6
2022-03-03 16:57:23.709733 [info] : Client[-758579198]((null):-291916112) quit, UserCount:53961
2022-03-03 16:57:23.880880 [info] : Client[6](127.0.0.1:57033) in, userCount:1
2022-03-03 16:57:23.880928 [info] : DealListen:6
2022-03-03 16:57:23.881161 [info] : DealRead:6
2022-03-03 16:57:23.884269 [debug]: [GET], [/css/magnific-popup.css], [1.1]
2022-03-03 16:57:23.884314 [debug]: IsKeepAlive:0
2022-03-03 16:57:23.884366 [info] : DealWrite:6
2022-03-03 16:57:23.884403 [info] : writev
2022-03-03 16:57:23.884442 [info] : CloseConn6
2022-03-03 16:57:23.885350 [info] : Client[6](127.0.0.1:57545) in, userCount:1
2022-03-03 16:57:23.885378 [info] : DealListen:6
2022-03-03 16:57:23.885395 [info] : Client[-523698174]((null):-275130704) quit, UserCount:57545
2022-03-03 16:57:23.885704 [info] : DealRead:6
2022-03-03 16:57:23.889017 [info] : Client[7](127.0.0.1:58057) in, userCount:2
2022-03-03 16:57:23.889043 [info] : DealListen:7
2022-03-03 16:57:23.889063 [info] : Client[8](127.0.0.1:58569) in, userCount:3
2022-03-03 16:57:23.889068 [info] : DealListen:8
2022-03-03 16:57:23.889071 [info] : DealRead:7
2022-03-03 16:57:23.889079 [info] : DealRead:8
2022-03-03 16:57:23.893285 [debug]: [GET], [/js/jquery.js], [1.1]
2022-03-03 16:57:23.895755 [debug]: [GET], [/css/style.css], [1.1]
2022-03-03 16:57:23.895784 [debug]: IsKeepAlive:0
2022-03-03 16:57:23.895838 [info] : DealWrite:7
2022-03-03 16:57:23.896009 [info] : writev
2022-03-03 16:57:23.896020 [info] : CloseConn7
2022-03-03 16:57:23.896376 [info] : Client[-490143742]((null):-308701520) quit, UserCount:58057
2022-03-03 16:57:23.895769 [debug]: [GET], [/css/font-awesome.min.css], [1.1]
2022-03-03 16:57:23.896441 [debug]: IsKeepAlive:0
2022-03-03 16:57:23.896458 [debug]: IsKeepAlive:0
2022-03-03 16:57:23.896519 [info] : DealWrite:6
2022-03-03 16:57:23.896780 [info] : writev
2022-03-03 16:57:23.896831 [info] : CloseConn6
2022-03-03 16:57:23.897170 [info] : Client[-523698174]((null):-300308816) quit, UserCount:57545
2022-03-03 16:57:23.897266 [info] : DealWrite:8
2022-03-03 16:57:23.897940 [info] : writev
2022-03-03 16:57:23.897996 [info] : CloseConn8
2022-03-03 16:57:23.898344 [info] : Client[-456589310]((null):-291916112) quit, UserCount:58569
2022-03-03 16:57:24.103909 [info] : Client[6](127.0.0.1:59593) in, userCount:1
2022-03-03 16:57:24.103957 [info] : DealListen:6
2022-03-03 16:57:24.104088 [info] : DealRead:6
2022-03-03 16:57:24.107180 [debug]: [GET], [/js/bootstrap.min.js], [1.1]
2022-03-03 16:57:24.107228 [debug]: IsKeepAlive:0
2022-03-03 16:57:24.107291 [info] : DealWrite:6
2022-03-03 16:57:24.107349 [info] : writev
2022-03-03 16:57:24.107370 [info] : CloseConn6
2022-03-03 16:57:24.108157 [info] : Client[-389480446]((null):-275130704) quit, UserCount:59593
2022-03-03 16:57:24.227403 [info] : Client[6](127.0.0.1:61129) in, userCount:1
2022-03-03 16:57:24.227449 [info] : DealListen:6
2022-03-03 16:57:24.227605 [info] : DealRead:6
2022-03-03 16:57:24.230662 [debug]: [GET], [/images/lirenjie.jpg], [1.1]
2022-03-03 16:57:24.230697 [debug]: IsKeepAlive:0
2022-03-03 16:57:24.230755 [info] : DealWrite:6
2022-03-03 16:57:24.230832 [info] : writev
2022-03-03 16:57:24.230859 [info] : CloseConn6
2022-03-03 16:57:24.231879 [info] : Client[-288817150]((null):-333879632) quit, UserCount:61129
2022-03-03 16:57:24.429750 [info] : Client[6](127.0.0.1:63177) in, userCount:1
2022-03-03 16:57:24.429782 [info] : DealListen:6
2022-03-03 16:57:24.429917 [info] : DealRead:6
2022-03-03 16:57:24.432909 [debug]: [GET], [/js/smoothscroll.js], [1.1]
2022-03-03 16:57:24.432920 [debug]: IsKeepAlive:0
2022-03-03 16:57:24.432962 [info] : DealWrite:6
2022-03-03 16:57:24.432990 [info] : writev
2022-03-03 16:57:24.432996 [info] : CloseConn6
2022-03-03 16:57:24.433422 [info] : Client[-154599422]((null):-291916112) quit, UserCount:63177
2022-03-03 16:57:24.443987 [info] : Client[6](127.0.0.1:63689) in, userCount:1
2022-03-03 16:57:24.444026 [info] : DealListen:6
2022-03-03 16:57:24.444033 [info] : DealRead:6
2022-03-03 16:57:24.447066 [info] : Client[7](127.0.0.1:64201) in, userCount:2
2022-03-03 16:57:24.447098 [info] : DealListen:7
2022-03-03 16:57:24.447105 [info] : DealRead:7
2022-03-03 16:57:24.448175 [info] : Client[8](127.0.0.1:64713) in, userCount:3
2022-03-03 16:57:24.448200 [info] : DealListen:8
2022-03-03 16:57:24.448394 [info] : DealRead:8
2022-03-03 16:57:24.453276 [debug]: [GET], [/js/wow.min.js], [1.1]
2022-03-03 16:57:24.454281 [debug]: [GET], [/js/jquery.magnific-popup.min.js], [1.1]
2022-03-03 16:57:24.454295 [debug]: [GET], [/js/magnific-popup-options.js], [1.1]
2022-03-03 16:57:24.454335 [debug]: IsKeepAlive:0
2022-03-03 16:57:24.454343 [debug]: IsKeepAlive:0
2022-03-03 16:57:24.454376 [info] : DealWrite:7
2022-03-03 16:57:24.454542 [info] : writev
2022-03-03 16:57:24.454555 [info] : CloseConn7
2022-03-03 16:57:24.454917 [info] : Client[-87490558]((null):-275130704) quit, UserCount:64201
2022-03-03 16:57:24.454962 [info] : DealWrite:6
2022-03-03 16:57:24.455196 [info] : writev
2022-03-03 16:57:24.455208 [info] : CloseConn6
2022-03-03 16:57:24.455502 [info] : Client[-121044990]((null):-308701520) quit, UserCount:63689
2022-03-03 16:57:24.455537 [debug]: IsKeepAlive:0
2022-03-03 16:57:24.455613 [info] : DealWrite:8
2022-03-03 16:57:24.455766 [info] : writev
2022-03-03 16:57:24.455815 [info] : CloseConn8
2022-03-03 16:57:24.456406 [info] : Client[-53936126]((null):-333879632) quit, UserCount:64713
2022-03-03 16:57:24.547702 [info] : Client[6](127.0.0.1:202) in, userCount:1
2022-03-03 16:57:24.547749 [info] : DealListen:6
2022-03-03 16:57:24.547929 [info] : DealRead:6
2022-03-03 16:57:24.550860 [debug]: [GET], [/js/custom.js], [1.1]
2022-03-03 16:57:24.550896 [debug]: IsKeepAlive:0
2022-03-03 16:57:24.550949 [info] : DealWrite:6
2022-03-03 16:57:24.550979 [info] : writev
2022-03-03 16:57:24.550990 [info] : CloseConn6
2022-03-03 18:38:11.324447 [info] : ========== Server init ==========
2022-03-03 18:38:15.878745 [info] : Client[6](127.0.0.1:19681) in, userCount:1
2022-03-03 18:38:15.878802 [info] : Timer add : id=6,count:1
2022-03-03 18:38:15.878811 [info] : DealListen:6
2022-03-03 18:38:15.878936 [info] : Client[7](127.0.0.1:20193) in, userCount:2
2022-03-03 18:38:15.878954 [info] : Timer add : id=7,count:2
2022-03-03 18:38:15.878960 [info] : DealListen:7
2022-03-03 18:38:15.882690 [debug]: [GET], [/index.html], [1.1]
2022-03-03 18:38:15.882749 [debug]: IsKeepAlive:0
2022-03-03 18:38:15.882832 [info] : writev
2022-03-03 18:38:15.882854 [info] : CloseConn6
2022-03-03 18:38:15.883599 [info] : Client[1289814018]((null):1795901104) quit, UserCount:19681
2022-03-03 18:38:15.921813 [debug]: [GET], [/css/bootstrap.min.css], [1.1]
2022-03-03 18:38:15.921942 [debug]: IsKeepAlive:0
2022-03-03 18:38:15.922071 [info] : writev
2022-03-03 18:38:15.922100 [info] : CloseConn7
2022-03-03 18:38:15.923501 [info] : Client[1323368450]((null):1821079216) quit, UserCount:20193
2022-03-03 18:38:16.130653 [info] : Client[6](127.0.0.1:21217) in, userCount:1
2022-03-03 18:38:16.130703 [info] : Timer add : id=6,count:2
2022-03-03 18:38:16.130712 [info] : DealListen:6
2022-03-03 18:38:16.133916 [debug]: [GET], [/css/animate.css], [1.1]
2022-03-03 18:38:16.133970 [debug]: IsKeepAlive:0
2022-03-03 18:38:16.134079 [info] : writev
2022-03-03 18:38:16.134108 [info] : CloseConn6
2022-03-03 18:38:16.134958 [info] : Client[1390477314]((null):1837864624) quit, UserCount:21217
2022-03-03 18:38:16.271020 [info] : Client[6](127.0.0.1:23777) in, userCount:1
2022-03-03 18:38:16.271068 [info] : Timer add : id=6,count:2
2022-03-03 18:38:16.271075 [info] : DealListen:6
2022-03-03 18:38:16.274272 [debug]: [GET], [/css/magnific-popup.css], [1.1]
2022-03-03 18:38:16.274388 [debug]: IsKeepAlive:0
2022-03-03 18:38:16.275633 [info] : Client[7](127.0.0.1:24289) in, userCount:2
2022-03-03 18:38:16.275660 [info] : Timer add : id=7,count:2
2022-03-03 18:38:16.275667 [info] : DealListen:7
2022-03-03 18:38:16.275681 [info] : Client[8](127.0.0.1:24801) in, userCount:3
2022-03-03 18:38:16.275686 [info] : Timer add : id=8,count:3
2022-03-03 18:38:16.275690 [info] : DealListen:8
2022-03-03 18:38:16.278276 [info] : Client[9](127.0.0.1:25313) in, userCount:4
2022-03-03 18:38:16.278309 [info] : Timer add : id=9,count:4
2022-03-03 18:38:16.278316 [info] : DealListen:9
2022-03-03 18:38:16.281365 [debug]: [GET], [/css/style.css], [1.1]
2022-03-03 18:38:16.285323 [debug]: IsKeepAlive:0
2022-03-03 18:38:16.285594 [info] : writev
2022-03-03 18:38:16.285608 [info] : CloseConn8
2022-03-03 18:38:16.286022 [info] : Client[1625358338]((null):1812686512) quit, UserCount:24801
2022-03-03 18:38:16.286221 [info] : writev
2022-03-03 18:38:16.286235 [info] : CloseConn6
2022-03-03 18:38:16.286620 [info] : Client[1558249474]((null):1821079216) quit, UserCount:23777
2022-03-03 18:38:16.286684 [debug]: [GET], [/css/font-awesome.min.css], [1.1]
2022-03-03 18:38:16.286693 [debug]: IsKeepAlive:0
2022-03-03 18:38:16.286977 [info] : writev
2022-03-03 18:38:16.286990 [info] : CloseConn7
2022-03-03 18:38:16.287292 [info] : Client[1591803906]((null):1829471920) quit, UserCount:24289
2022-03-03 18:38:16.287325 [debug]: [GET], [/js/jquery.js], [1.1]
2022-03-03 18:38:16.287386 [debug]: IsKeepAlive:0
2022-03-03 18:38:16.288062 [info] : writev
2022-03-03 18:38:16.288078 [info] : CloseConn9
2022-03-03 18:38:16.288375 [info] : Client[1658912770]((null):1837864624) quit, UserCount:25313
2022-03-03 18:38:16.527887 [info] : Client[6](127.0.0.1:26337) in, userCount:1
2022-03-03 18:38:16.527938 [info] : Timer add : id=6,count:4
2022-03-03 18:38:16.527946 [info] : DealListen:6
2022-03-03 18:38:16.531092 [debug]: [GET], [/js/bootstrap.min.js], [1.1]
2022-03-03 18:38:16.531142 [debug]: IsKeepAlive:0
2022-03-03 18:38:16.531238 [info] : writev
2022-03-03 18:38:16.531246 [info] : CloseConn6
2022-03-03 18:38:16.531989 [info] : Client[1726021634]((null):1795901104) quit, UserCount:26337
2022-03-03 18:38:16.633303 [info] : Client[6](127.0.0.1:28385) in, userCount:1
2022-03-03 18:38:16.633354 [info] : Timer add : id=6,count:4
2022-03-03 18:38:16.633362 [info] : DealListen:6
2022-03-03 18:38:16.636486 [debug]: [GET], [/images/lirenjie.jpg], [1.1]
2022-03-03 18:38:16.636538 [debug]: IsKeepAlive:0
2022-03-03 18:38:16.636662 [info] : writev
2022-03-03 18:38:16.636670 [info] : CloseConn6
2022-03-03 18:38:16.637262 [info] : Client[1860239362]((null):1846257328) quit, UserCount:28385
2022-03-03 18:38:16.792896 [info] : Client[6](127.0.0.1:29409) in, userCount:1
2022-03-03 18:38:16.792951 [info] : Timer add : id=6,count:4
2022-03-03 18:38:16.792973 [info] : DealListen:6
2022-03-03 18:38:16.796240 [debug]: [GET], [/js/smoothscroll.js], [1.1]
2022-03-03 18:38:16.796293 [debug]: IsKeepAlive:0
2022-03-03 18:38:16.796375 [info] : writev
2022-03-03 18:38:16.796384 [info] : CloseConn6
2022-03-03 18:38:16.797368 [info] : Client[1927348226]((null):1854650032) quit, UserCount:29409
2022-03-03 18:38:16.813986 [info] : Client[6](127.0.0.1:30433) in, userCount:1
2022-03-03 18:38:16.814028 [info] : Timer add : id=6,count:4
2022-03-03 18:38:16.814036 [info] : DealListen:6
2022-03-03 18:38:16.817214 [debug]: [GET], [/js/jquery.magnific-popup.min.js], [1.1]
2022-03-03 18:38:16.817265 [debug]: IsKeepAlive:0
2022-03-03 18:38:16.817348 [info] : writev
2022-03-03 18:38:16.817373 [info] : CloseConn6
2022-03-03 18:38:16.818442 [info] : Client[1994457090]((null):1804293808) quit, UserCount:30433
2022-03-03 18:38:16.822821 [info] : Client[6](127.0.0.1:30945) in, userCount:1
2022-03-03 18:38:16.822839 [info] : Timer add : id=6,count:4
2022-03-03 18:38:16.822845 [info] : DealListen:6
2022-03-03 18:38:16.827242 [debug]: [GET], [/js/magnific-popup-options.js], [1.1]
2022-03-03 18:38:16.827857 [debug]: IsKeepAlive:0
2022-03-03 18:38:16.828053 [info] : writev
2022-03-03 18:38:16.828068 [info] : CloseConn6
2022-03-03 18:38:16.828419 [info] : Client[2028011522]((null):1795901104) quit, UserCount:30945
2022-03-03 18:38:16.863815 [info] : Client[6](127.0.0.1:31457) in, userCount:1
2022-03-03 18:38:16.863861 [info] : Timer add : id=6,count:4
2022-03-03 18:38:16.863869 [info] : DealListen:6
2022-03-03 18:38:16.866824 [debug]: [GET], [/js/wow.min.js], [1.1]
2022-03-03 18:38:16.866875 [debug]: IsKeepAlive:0
2022-03-03 18:38:16.867124 [info] : writev
2022-03-03 18:38:16.867141 [info] : CloseConn6
2022-03-03 18:38:16.867513 [info] : Client[2061565954]((null):1846257328) quit, UserCount:31457
2022-03-03 18:38:16.992037 [info] : Client[6](127.0.0.1:32481) in, userCount:1
2022-03-03 18:38:16.992103 [info] : Timer add : id=6,count:4
2022-03-03 18:38:16.992116 [info] : DealListen:6
2022-03-03 18:38:16.995077 [debug]: [GET], [/js/custom.js], [1.1]
2022-03-03 18:38:16.995129 [debug]: IsKeepAlive:0
2022-03-03 18:38:16.995356 [info] : writev
2022-03-03 18:38:16.995373 [info] : CloseConn6
2022-03-03 18:38:16.995759 [info] : Client[2128674818]((null):1854650032) quit, UserCount:32481
2022-03-03 18:39:16.327511 [info] : CloseConn8
2022-03-03 18:39:16.327579 [info] : CloseConn7
2022-03-03 18:39:16.327586 [info] : CloseConn9
2022-03-03 18:42:56.781825 [info] : ========== Server init ==========
2022-03-03 18:43:01.005927 [info] : Client[6](127.0.0.1:42210) in, userCount:1
2022-03-03 18:43:01.005981 [info] : Timer add : id=6,count:1
2022-03-03 18:43:01.005990 [info] : DealListen:6
2022-03-03 18:43:01.009404 [debug]: [GET], [/index.html], [1.1]
2022-03-03 18:43:01.009509 [debug]: IsKeepAlive:0
2022-03-03 18:45:25.125462 [info] : ========== Server init ==========
2022-03-03 18:45:29.979742 [info] : Client[6](127.0.0.1:30947) in, userCount:1
2022-03-03 18:45:29.979802 [info] : Timer add : id=6,count:1
2022-03-03 18:45:29.979811 [info] : DealListen:6
2022-03-03 18:45:29.983245 [debug]: [GET], [/index.html], [1.1]
2022-03-03 18:45:29.983297 [debug]: IsKeepAlive:0
2022-03-03 18:45:29.983380 [info] : writev
2022-03-03 18:45:59.836810 [info] : ========== Server init ==========
2022-03-03 18:46:01.891134 [info] : Client[6](127.0.0.1:47331) in, userCount:1
2022-03-03 18:46:01.891190 [info] : Timer add : id=6,count:1
2022-03-03 18:46:01.891199 [info] : DealListen:6
2022-03-03 18:46:07.515183 [info] : CloseConn6
2022-03-03 18:46:07.515268 [info] : Client[-1193082878]((null):-1996278032) quit, UserCount:47331
2022-03-03 18:46:11.064523 [info] : Client[6](127.0.0.1:51939) in, userCount:1
2022-03-03 18:46:11.064572 [info] : Timer add : id=6,count:1
2022-03-03 18:46:11.064580 [info] : DealListen:6
2022-03-03 18:46:11.064695 [info] : Client[7](127.0.0.1:52451) in, userCount:2
2022-03-03 18:46:11.064713 [info] : Timer add : id=7,count:2
2022-03-03 18:46:11.064718 [info] : DealListen:7
2022-03-03 18:46:11.068060 [debug]: [GET], [/index.html], [1.1]
2022-03-03 18:46:11.068121 [debug]: IsKeepAlive:0
2022-03-03 18:46:11.068208 [info] : writev
2022-03-03 18:46:11.068231 [info] : CloseConn6
2022-03-03 18:46:11.069082 [info] : Client[-891092990]((null):-2055031120) quit, UserCount:51939
2022-03-03 18:46:11.069114 [info] : Timer del: id=6,count:1
2022-03-03 18:46:11.111498 [debug]: [GET], [/css/bootstrap.min.css], [1.1]
2022-03-03 18:46:11.111616 [debug]: IsKeepAlive:0
2022-03-03 18:46:11.112701 [info] : writev
2022-03-03 18:46:11.112747 [info] : CloseConn7
2022-03-03 18:46:11.113158 [info] : Client[-857538558]((null):-2029853008) quit, UserCount:52451
2022-03-03 18:46:11.113230 [info] : Timer del: id=7,count:0
2022-03-03 18:46:11.334906 [info] : Client[6](127.0.0.1:53475) in, userCount:1
2022-03-03 18:46:11.334958 [info] : Timer add : id=6,count:1
2022-03-03 18:46:11.334967 [info] : DealListen:6
2022-03-03 18:46:11.338033 [debug]: [GET], [/css/animate.css], [1.1]
2022-03-03 18:46:11.338081 [debug]: IsKeepAlive:0
2022-03-03 18:46:11.338189 [info] : writev
2022-03-03 18:46:11.338211 [info] : CloseConn6
2022-03-03 18:46:11.339073 [info] : Client[-790429694]((null):-2013067600) quit, UserCount:53475
2022-03-03 18:46:11.339104 [info] : Timer del: id=6,count:0
2022-03-03 18:46:11.481345 [info] : Client[6](127.0.0.1:56035) in, userCount:1
2022-03-03 18:46:11.481392 [info] : Timer add : id=6,count:1
2022-03-03 18:46:11.481400 [info] : DealListen:6
2022-03-03 18:46:11.481510 [info] : Client[7](127.0.0.1:56547) in, userCount:2
2022-03-03 18:46:11.481529 [info] : Timer add : id=7,count:2
2022-03-03 18:46:11.481534 [info] : DealListen:7
2022-03-03 18:46:11.481613 [info] : Client[8](127.0.0.1:57059) in, userCount:3
2022-03-03 18:46:11.481628 [info] : Timer add : id=8,count:3
2022-03-03 18:46:11.481634 [info] : DealListen:8
2022-03-03 18:46:11.484819 [debug]: [GET], [/css/magnific-popup.css], [1.1]
2022-03-03 18:46:11.484933 [debug]: IsKeepAlive:0
2022-03-03 18:46:11.485017 [info] : writev
2022-03-03 18:46:11.485053 [info] : CloseConn6
2022-03-03 18:46:11.487291 [info] : Client[6](127.0.0.1:57571) in, userCount:3
2022-03-03 18:46:11.487324 [info] : Timer add : id=6,count:3
2022-03-03 18:46:11.487332 [info] : DealListen:6
2022-03-03 18:46:11.490225 [debug]: [GET], [/css/font-awesome.min.css], [1.1]
2022-03-03 18:46:11.490235 [debug]: IsKeepAlive:0
2022-03-03 18:46:11.490319 [info] : Client[-521994238]((null):-1996282192) quit, UserCount:57571
2022-03-03 18:46:11.490357 [info] : Timer del: id=6,count:2
2022-03-03 18:46:11.495466 [debug]: [GET], [/css/style.css], [1.1]
2022-03-03 18:46:11.495886 [info] : writev
2022-03-03 18:46:11.495946 [debug]: IsKeepAlive:0
2022-03-03 18:46:11.496189 [info] : writev
2022-03-03 18:46:11.496246 [info] : CloseConn7
2022-03-03 18:46:11.496641 [info] : Client[-589103102]((null):-2021460304) quit, UserCount:56547
2022-03-03 18:46:11.496703 [info] : Timer del: id=7,count:1
2022-03-03 18:46:11.496813 [debug]: [GET], [/js/jquery.js], [1.1]
2022-03-03 18:46:11.496852 [debug]: IsKeepAlive:0
2022-03-03 18:46:11.497568 [info] : writev
2022-03-03 18:46:11.497587 [info] : CloseConn6
2022-03-03 18:46:11.498458 [info] : Client[-521994238]((null):-2013067600) quit, UserCount:57571
2022-03-03 18:46:11.498515 [info] : Timer del: id=6,count:0
2022-03-03 18:46:11.665236 [info] : Client[6](127.0.0.1:58595) in, userCount:2
2022-03-03 18:46:11.665286 [info] : Timer add : id=6,count:1
2022-03-03 18:46:11.665294 [info] : DealListen:6
2022-03-03 18:46:11.668378 [debug]: [GET], [/images/lirenjie.jpg], [1.1]
2022-03-03 18:46:11.668433 [debug]: IsKeepAlive:0
2022-03-03 18:46:11.668558 [info] : writev
2022-03-03 18:46:11.668568 [info] : CloseConn6
2022-03-03 18:46:11.669318 [info] : Client[-454885374]((null):-2038245712) quit, UserCount:58595
2022-03-03 18:46:11.669346 [info] : Timer del: id=6,count:0
2022-03-03 18:46:11.856511 [info] : Client[6](127.0.0.1:60643) in, userCount:2
2022-03-03 18:46:11.856558 [info] : Timer add : id=6,count:1
2022-03-03 18:46:11.856567 [info] : DealListen:6
2022-03-03 18:46:11.859690 [debug]: [GET], [/js/bootstrap.min.js], [1.1]
2022-03-03 18:46:11.859741 [debug]: IsKeepAlive:0
2022-03-03 18:46:11.859834 [info] : writev
2022-03-03 18:46:11.859844 [info] : CloseConn6
2022-03-03 18:46:11.861319 [info] : Client[-320667646]((null):-2046638416) quit, UserCount:60643
2022-03-03 18:46:11.861348 [info] : Timer del: id=6,count:0
2022-03-03 18:46:11.861369 [info] : Client[6](127.0.0.1:61155) in, userCount:2
2022-03-03 18:46:11.861390 [info] : Timer add : id=6,count:1
2022-03-03 18:46:11.861396 [info] : DealListen:6
2022-03-03 18:46:11.865287 [debug]: [GET], [/js/smoothscroll.js], [1.1]
2022-03-03 18:46:11.865358 [debug]: IsKeepAlive:0
2022-03-03 18:46:11.865575 [info] : writev
2022-03-03 18:46:11.865592 [info] : CloseConn6
2022-03-03 18:46:11.865915 [info] : Client[-287113214]((null):-2055031120) quit, UserCount:61155
2022-03-03 18:46:11.865971 [info] : Timer del: id=6,count:0
2022-03-03 18:46:11.941529 [info] : Client[6](127.0.0.1:62691) in, userCount:2
2022-03-03 18:46:11.941579 [info] : Timer add : id=6,count:1
2022-03-03 18:46:11.941588 [info] : DealListen:6
2022-03-03 18:46:11.944740 [debug]: [GET], [/js/jquery.magnific-popup.min.js], [1.1]
2022-03-03 18:46:11.944799 [debug]: IsKeepAlive:0
2022-03-03 18:46:11.944882 [info] : writev
2022-03-03 18:46:11.944891 [info] : CloseConn6
2022-03-03 18:46:11.945410 [info] : Client[-186449918]((null):-1996282192) quit, UserCount:62691
2022-03-03 18:46:11.945442 [info] : Timer del: id=6,count:0
2022-03-03 18:46:11.948820 [info] : Client[6](127.0.0.1:63203) in, userCount:2
2022-03-03 18:46:11.948851 [info] : Timer add : id=6,count:1
2022-03-03 18:46:11.948858 [info] : DealListen:6
2022-03-03 18:46:11.951944 [debug]: [GET], [/js/magnific-popup-options.js], [1.1]
2022-03-03 18:46:11.952050 [debug]: IsKeepAlive:0
2022-03-03 18:46:11.952268 [info] : writev
2022-03-03 18:46:11.952285 [info] : CloseConn6
2022-03-03 18:46:11.952640 [info] : Client[-152895486]((null):-2038245712) quit, UserCount:63203
2022-03-03 18:46:11.952695 [info] : Timer del: id=6,count:0
2022-03-03 18:46:11.995005 [info] : Client[6](127.0.0.1:63715) in, userCount:2
2022-03-03 18:46:11.995054 [info] : Timer add : id=6,count:1
2022-03-03 18:46:11.995063 [info] : DealListen:6
2022-03-03 18:46:11.998095 [debug]: [GET], [/js/wow.min.js], [1.1]
2022-03-03 18:46:11.998143 [debug]: IsKeepAlive:0
2022-03-03 18:46:11.998220 [info] : writev
2022-03-03 18:46:11.998229 [info] : CloseConn6
2022-03-03 18:46:11.998922 [info] : Client[-119341054]((null):-2046638416) quit, UserCount:63715
2022-03-03 18:46:11.998947 [info] : Timer del: id=6,count:0
2022-03-03 18:46:12.173258 [info] : Client[6](127.0.0.1:64739) in, userCount:2
2022-03-03 18:46:12.173306 [info] : Timer add : id=6,count:1
2022-03-03 18:46:12.173314 [info] : DealListen:6
2022-03-03 18:46:12.176425 [debug]: [GET], [/js/custom.js], [1.1]
2022-03-03 18:46:12.176479 [debug]: IsKeepAlive:0
2022-03-03 18:46:12.176558 [info] : writev
2022-03-03 18:46:12.176567 [info] : CloseConn6
2022-03-03 18:46:12.177047 [info] : Client[-52232190]((null):-2021460304) quit, UserCount:64739
2022-03-03 18:46:12.177080 [info] : Timer del: id=6,count:0
2022-03-03 18:46:12.576544 [info] : Client[6](127.0.0.1:228) in, userCount:2
2022-03-03 18:46:12.576589 [info] : Timer add : id=6,count:1
2022-03-03 18:46:12.576597 [info] : DealListen:6
2022-03-03 18:46:12.579720 [debug]: [GET], [/images/favicon.ico], [1.1]
2022-03-03 18:46:12.579767 [debug]: IsKeepAlive:0
2022-03-03 18:46:12.579863 [info] : writev
2022-03-03 18:46:12.579873 [info] : CloseConn6
2022-03-03 18:46:12.580586 [info] : Client[14942210]((null):-1996282192) quit, UserCount:228
2022-03-03 18:46:12.580614 [info] : Timer del: id=6,count:0
2022-03-03 18:46:12.840417 [info] : Client[6](127.0.0.1:1764) in, userCount:2
2022-03-03 18:46:12.840465 [info] : Timer add : id=6,count:1
2022-03-03 18:46:12.840474 [info] : DealListen:6
2022-03-03 18:46:35.483778 [debug]: [GET], [/index.html], [1.1]
2022-03-03 18:46:35.483925 [debug]: IsKeepAlive:0
2022-03-03 18:46:35.484241 [info] : writev
2022-03-03 18:46:35.484311 [info] : CloseConn6
2022-03-03 18:46:35.484784 [info] : Client[115605506]((null):-2004674896) quit, UserCount:1764
2022-03-03 18:46:35.484852 [info] : Timer del: id=6,count:0
2022-03-03 18:46:35.830752 [info] : Client[6](127.0.0.1:10468) in, userCount:2
2022-03-03 18:46:35.830786 [info] : Timer add : id=6,count:1
2022-03-03 18:46:35.830793 [info] : DealListen:6
2022-03-03 18:46:35.833755 [debug]: [GET], [/css/bootstrap.min.css], [1.1]
2022-03-03 18:46:35.833908 [debug]: IsKeepAlive:0
2022-03-03 18:46:35.834034 [info] : writev
2022-03-03 18:46:35.834061 [info] : CloseConn6
2022-03-03 18:46:35.835047 [info] : Client[686030850]((null):-2029853008) quit, UserCount:10468
2022-03-03 18:46:35.835112 [info] : Timer del: id=6,count:0
2022-03-03 18:46:35.987899 [info] : Client[6](127.0.0.1:11492) in, userCount:2
2022-03-03 18:46:35.987932 [info] : Timer add : id=6,count:1
2022-03-03 18:46:35.987939 [info] : DealListen:6
2022-03-03 18:46:35.987997 [info] : Client[7](127.0.0.1:12004) in, userCount:3
2022-03-03 18:46:35.988024 [info] : Timer add : id=7,count:2
2022-03-03 18:46:35.988030 [info] : DealListen:7
2022-03-03 18:46:35.988145 [info] : Client[9](127.0.0.1:12516) in, userCount:4
2022-03-03 18:46:35.988164 [info] : Timer add : id=9,count:3
2022-03-03 18:46:35.988169 [info] : DealListen:9
2022-03-03 18:46:35.991625 [debug]: [GET], [/css/animate.css], [1.1]
2022-03-03 18:46:35.991673 [debug]: IsKeepAlive:0
2022-03-03 18:46:35.991778 [info] : writev
2022-03-03 18:46:35.991788 [info] : CloseConn6
2022-03-03 18:46:35.995829 [info] : Client[6](127.0.0.1:13028) in, userCount:4
2022-03-03 18:46:35.995859 [info] : Timer add : id=6,count:3
2022-03-03 18:46:35.995866 [info] : DealListen:6
2022-03-03 18:46:35.995888 [info] : Client[853803010]((null):-2021460304) quit, UserCount:13028
2022-03-03 18:46:35.995900 [info] : Timer del: id=6,count:2
2022-03-03 18:46:36.000386 [debug]: [GET], [/css/style.css], [1.1]
2022-03-03 18:46:36.003035 [debug]: [GET], [/css/font-awesome.min.css], [1.1]
2022-03-03 18:46:36.003050 [debug]: [GET], [/css/magnific-popup.css], [1.1]
2022-03-03 18:46:36.003093 [debug]: IsKeepAlive:0
2022-03-03 18:46:36.003317 [info] : writev
2022-03-03 18:46:36.003332 [info] : CloseConn7
2022-03-03 18:46:36.003708 [info] : Client[786694146]((null):-2038245712) quit, UserCount:12004
2022-03-03 18:46:36.003724 [info] : Timer del: id=7,count:1
2022-03-03 18:46:36.003739 [debug]: IsKeepAlive:0
2022-03-03 18:46:36.004023 [info] : writev
2022-03-03 18:46:36.004037 [info] : CloseConn6
2022-03-03 18:46:36.004347 [info] : Client[853803010]((null):-2046638416) quit, UserCount:13028
2022-03-03 18:46:36.004361 [info] : Timer del: id=6,count:0
2022-03-03 18:46:36.004379 [debug]: IsKeepAlive:0
2022-03-03 18:49:05.349564 [info] : ========== Server init ==========
2022-03-03 18:49:09.063204 [info] : Client[6](127.0.0.1:2277) in, userCount:1
2022-03-03 18:49:09.063254 [info] : Timer add : id=6,count:1
2022-03-03 18:49:09.063263 [info] : DealListen:6
2022-03-03 18:49:09.063379 [info] : Client[7](127.0.0.1:2789) in, userCount:2
2022-03-03 18:49:09.063396 [info] : Timer add : id=7,count:2
2022-03-03 18:49:09.063402 [info] : DealListen:7
2022-03-03 18:49:09.066687 [debug]: [GET], [/index.html], [1.1]
2022-03-03 18:49:09.066733 [debug]: IsKeepAlive:0
2022-03-03 18:49:09.066814 [info] : writev
2022-03-03 18:49:09.066835 [info] : CloseConn6
2022-03-03 18:49:09.067345 [info] : Client[149225474]((null):-853625168) quit, UserCount:2277
2022-03-03 18:49:09.067371 [info] : Timer del: id=6,count:1
2022-03-03 18:49:09.111393 [debug]: [GET], [/css/bootstrap.min.css], [1.1]
2022-03-03 18:49:09.111524 [debug]: IsKeepAlive:0
2022-03-03 18:49:09.112611 [info] : writev
2022-03-03 18:49:09.112650 [info] : CloseConn7
2022-03-03 18:49:09.113043 [info] : Client[182779906]((null):-828447056) quit, UserCount:2789
2022-03-03 18:49:09.113106 [info] : Timer del: id=7,count:0
2022-03-03 18:49:09.367212 [info] : Client[6](127.0.0.1:3813) in, userCount:1
2022-03-03 18:49:09.367261 [info] : Timer add : id=6,count:1
2022-03-03 18:49:09.367270 [info] : DealListen:6
2022-03-03 18:49:09.370385 [debug]: [GET], [/css/animate.css], [1.1]
2022-03-03 18:49:09.370458 [debug]: IsKeepAlive:0
2022-03-03 18:49:09.370567 [info] : writev
2022-03-03 18:49:09.370590 [info] : CloseConn6
2022-03-03 18:49:09.371388 [info] : Client[249888770]((null):-811661648) quit, UserCount:3813
2022-03-03 18:49:09.371419 [info] : Timer del: id=6,count:0
2022-03-03 18:49:09.501707 [info] : Client[6](127.0.0.1:6373) in, userCount:1
2022-03-03 18:49:09.501780 [info] : Timer add : id=6,count:1
2022-03-03 18:49:09.501789 [info] : DealListen:6
2022-03-03 18:49:09.501965 [info] : Client[7](127.0.0.1:6885) in, userCount:2
2022-03-03 18:49:09.501988 [info] : Timer add : id=7,count:2
2022-03-03 18:49:09.501994 [info] : DealListen:7
2022-03-03 18:49:09.505701 [debug]: [GET], [/css/magnific-popup.css], [1.1]
2022-03-03 18:49:09.505748 [debug]: IsKeepAlive:0
2022-03-03 18:49:09.505826 [info] : writev
2022-03-03 18:49:09.505875 [info] : CloseConn6
2022-03-03 18:49:09.506850 [info] : Client[6](127.0.0.1:7397) in, userCount:2
2022-03-03 18:49:09.506870 [info] : Timer add : id=6,count:2
2022-03-03 18:49:09.506876 [info] : DealListen:6
2022-03-03 18:49:09.506892 [info] : Client[8](127.0.0.1:7909) in, userCount:3
2022-03-03 18:49:09.506897 [info] : Timer add : id=8,count:3
2022-03-03 18:49:09.506902 [info] : DealListen:8
2022-03-03 18:49:09.511473 [info] : Client[484769794]((null):-794876240) quit, UserCount:7397
2022-03-03 18:49:09.511545 [info] : Timer del: id=6,count:2
2022-03-03 18:49:09.513258 [debug]: [GET], [/js/jquery.js], [1.1]
2022-03-03 18:49:09.514617 [debug]: IsKeepAlive:0
2022-03-03 18:49:09.515420 [info] : writev
2022-03-03 18:49:09.515437 [info] : CloseConn8
2022-03-03 18:49:09.515799 [info] : Client[518324226]((null):-836839760) quit, UserCount:7909
2022-03-03 18:49:09.515814 [info] : Timer del: id=8,count:1
2022-03-03 18:49:09.515832 [debug]: [GET], [/css/style.css], [1.1]
2022-03-03 18:49:09.515891 [debug]: IsKeepAlive:0
2022-03-03 18:49:28.301044 [info] : ========== Server init ==========
2022-03-03 18:49:30.537783 [info] : Client[6](127.0.0.1:23269) in, userCount:1
2022-03-03 18:49:30.537830 [info] : Timer add : id=6,count:1
2022-03-03 18:49:30.537838 [info] : DealListen:6
2022-03-03 18:49:30.541372 [debug]: [GET], [/index.html], [1.1]
2022-03-03 18:49:30.541501 [debug]: IsKeepAlive:0
2022-03-03 18:49:30.541587 [info] : writev
2022-03-03 18:49:30.541611 [info] : CloseConn6
2022-03-03 18:49:30.542459 [info] : Client[6](127.0.0.1:23781) in, userCount:1
2022-03-03 18:49:30.542489 [info] : Timer add : id=6,count:1
2022-03-03 18:49:30.542495 [info] : DealListen:6
2022-03-03 18:49:30.542516 [info] : Client[1558511618]((null):1010800304) quit, UserCount:23781
2022-03-03 18:49:30.615992 [debug]: [GET], [/css/bootstrap.min.css], [1.1]
2022-03-03 18:49:30.616727 [debug]: IsKeepAlive:0
2022-03-03 18:49:30.616885 [info] : writev
2022-03-03 18:49:30.616909 [info] : CloseConn6
2022-03-03 18:49:30.618439 [info] : Client[1558511618]((null):1035978416) quit, UserCount:23781
2022-03-03 18:49:30.817704 [info] : Client[6](127.0.0.1:24805) in, userCount:1
2022-03-03 18:49:30.817750 [info] : Timer add : id=6,count:1
2022-03-03 18:49:30.817758 [info] : DealListen:6
2022-03-03 18:49:30.820844 [debug]: [GET], [/css/animate.css], [1.1]
2022-03-03 18:49:30.820897 [debug]: IsKeepAlive:0
2022-03-03 18:49:30.821005 [info] : writev
2022-03-03 18:49:30.821027 [info] : CloseConn6
2022-03-03 18:49:30.822749 [info] : Client[1625620482]((null):1052763824) quit, UserCount:24805
2022-03-03 18:49:30.976506 [info] : Client[6](127.0.0.1:27877) in, userCount:1
2022-03-03 18:49:30.976553 [info] : Timer add : id=6,count:1
2022-03-03 18:49:30.976562 [info] : DealListen:6
2022-03-03 18:49:30.979877 [debug]: [GET], [/css/magnific-popup.css], [1.1]
2022-03-03 18:49:30.979933 [debug]: IsKeepAlive:0
2022-03-03 18:49:30.980017 [info] : writev
2022-03-03 18:49:30.980050 [info] : CloseConn6
2022-03-03 18:49:30.981351 [info] : Client[6](127.0.0.1:28389) in, userCount:1
2022-03-03 18:49:30.981439 [info] : Timer add : id=6,count:1
2022-03-03 18:49:30.981447 [info] : DealListen:6
2022-03-03 18:49:30.981464 [info] : Client[7](127.0.0.1:28901) in, userCount:2
2022-03-03 18:49:30.981470 [info] : Timer add : id=7,count:2
2022-03-03 18:49:30.981474 [info] : DealListen:7
2022-03-03 18:49:30.981492 [info] : Client[1860501506]((null):1069549232) quit, UserCount:28389
2022-03-03 18:49:30.984909 [debug]: [GET], [/css/font-awesome.min.css], [1.1]
2022-03-03 18:49:30.986451 [info] : Client[8](127.0.0.1:29413) in, userCount:3
2022-03-03 18:49:30.986522 [info] : Timer add : id=8,count:3
2022-03-03 18:49:30.986555 [info] : DealListen:8
2022-03-03 18:49:30.986610 [debug]: IsKeepAlive:0
2022-03-03 18:49:30.990375 [info] : writev
2022-03-03 18:49:30.990394 [info] : CloseConn6
2022-03-03 18:49:30.992276 [debug]: [GET], [/css/style.css], [1.1]
2022-03-03 18:49:30.994937 [info] : Client[1860501506]((null):1035978416) quit, UserCount:28389
2022-03-03 18:49:30.994997 [debug]: IsKeepAlive:0
2022-03-03 18:49:30.995213 [info] : writev
2022-03-03 18:49:30.995226 [info] : CloseConn7
2022-03-03 18:49:30.995524 [info] : Client[1894055938]((null):1044371120) quit, UserCount:28901
2022-03-03 18:49:30.995553 [debug]: [GET], [/js/jquery.js], [1.1]
2022-03-03 18:49:30.995607 [debug]: IsKeepAlive:0
2022-03-03 18:49:30.996380 [info] : writev
2022-03-03 18:49:30.996398 [info] : CloseConn8
2022-03-03 18:49:30.996696 [info] : Client[1927610370]((null):1052763824) quit, UserCount:29413
2022-03-03 18:49:31.193303 [info] : Client[6](127.0.0.1:30437) in, userCount:1
2022-03-03 18:49:31.193349 [info] : Timer add : id=6,count:3
2022-03-03 18:49:31.193358 [info] : DealListen:6
2022-03-03 18:49:31.196448 [debug]: [GET], [/images/lirenjie.jpg], [1.1]
2022-03-03 18:49:31.196505 [debug]: IsKeepAlive:0
2022-03-03 18:49:31.196632 [info] : writev
2022-03-03 18:49:31.196641 [info] : CloseConn6
2022-03-03 18:49:31.197418 [info] : Client[1994719234]((null):1069549232) quit, UserCount:30437
2022-03-03 18:49:31.383092 [info] : Client[6](127.0.0.1:32997) in, userCount:1
2022-03-03 18:49:31.383143 [info] : Timer add : id=6,count:3
2022-03-03 18:49:31.383152 [info] : DealListen:6
2022-03-03 18:49:31.383262 [info] : Client[7](127.0.0.1:33509) in, userCount:2
2022-03-03 18:49:31.383281 [info] : Timer add : id=7,count:3
2022-03-03 18:49:31.383286 [info] : DealListen:7
2022-03-03 18:49:31.386327 [debug]: [GET], [/js/bootstrap.min.js], [1.1]
2022-03-03 18:49:31.386379 [debug]: IsKeepAlive:0
2022-03-03 18:49:31.386493 [info] : writev
2022-03-03 18:49:31.386502 [info] : CloseConn6
2022-03-03 18:49:31.387687 [info] : Client[-2132475902]((null):1035978416) quit, UserCount:32997
2022-03-03 18:49:31.388999 [info] : Client[6](127.0.0.1:34021) in, userCount:2
2022-03-03 18:49:31.389026 [info] : Timer add : id=6,count:3
2022-03-03 18:49:31.389033 [info] : DealListen:6
2022-03-03 18:49:31.391402 [debug]: [GET], [/js/smoothscroll.js], [1.1]
2022-03-03 18:49:31.394304 [debug]: IsKeepAlive:0
2022-03-03 18:49:31.394540 [info] : writev
2022-03-03 18:49:31.394555 [info] : CloseConn7
2022-03-03 18:49:31.394919 [info] : Client[-2098921470]((null):1052763824) quit, UserCount:33509
2022-03-03 18:49:31.394950 [debug]: [GET], [/js/jquery.magnific-popup.min.js], [1.1]
2022-03-03 18:49:31.395003 [debug]: IsKeepAlive:0
2022-03-03 18:49:31.395305 [info] : writev
2022-03-03 18:49:31.395320 [info] : CloseConn6
2022-03-03 18:49:31.395642 [info] : Client[-2065367038]((null):1027585712) quit, UserCount:34021
2022-03-03 18:49:31.435547 [info] : Client[6](127.0.0.1:34533) in, userCount:1
2022-03-03 18:49:31.435595 [info] : Timer add : id=6,count:3
2022-03-03 18:49:31.435603 [info] : DealListen:6
2022-03-03 18:49:31.438789 [debug]: [GET], [/js/magnific-popup-options.js], [1.1]
2022-03-03 18:49:31.438861 [debug]: IsKeepAlive:0
2022-03-03 18:49:31.439157 [info] : writev
2022-03-03 18:49:31.439176 [info] : CloseConn6
2022-03-03 18:49:31.439578 [info] : Client[-2031812606]((null):1069549232) quit, UserCount:34533
2022-03-03 18:49:31.507512 [info] : Client[6](127.0.0.1:35557) in, userCount:1
2022-03-03 18:49:31.507559 [info] : Timer add : id=6,count:3
2022-03-03 18:49:31.507567 [info] : DealListen:6
2022-03-03 18:49:31.511948 [debug]: [GET], [/js/wow.min.js], [1.1]
2022-03-03 18:49:31.512034 [debug]: IsKeepAlive:0
2022-03-03 18:49:31.512313 [info] : writev
2022-03-03 18:49:31.512330 [info] : CloseConn6
2022-03-03 18:49:31.512709 [info] : Client[-1964703742]((null):1035978416) quit, UserCount:35557
2022-03-03 18:49:31.714359 [info] : Client[6](127.0.0.1:36581) in, userCount:1
2022-03-03 18:49:31.714433 [info] : Timer add : id=6,count:3
2022-03-03 18:49:31.714442 [info] : DealListen:6
2022-03-03 18:49:31.717477 [debug]: [GET], [/js/custom.js], [1.1]
2022-03-03 18:49:31.717522 [debug]: IsKeepAlive:0
2022-03-03 18:49:31.717595 [info] : writev
2022-03-03 18:49:31.717604 [info] : CloseConn6
2022-03-03 18:49:31.718090 [info] : Client[-1897594878]((null):1044371120) quit, UserCount:36581
2022-03-03 18:49:32.122322 [info] : Client[6](127.0.0.1:37605) in, userCount:1
2022-03-03 18:49:32.122372 [info] : Timer add : id=6,count:3
2022-03-03 18:49:32.122381 [info] : DealListen:6
2022-03-03 18:49:32.125451 [debug]: [GET], [/images/favicon.ico], [1.1]
2022-03-03 18:49:32.125499 [debug]: IsKeepAlive:0
2022-03-03 18:49:32.125599 [info] : writev
2022-03-03 18:49:32.125624 [info] : CloseConn6
2022-03-03 18:49:32.126397 [info] : Client[-1830486014]((null):1019193008) quit, UserCount:37605
2022-03-03 18:49:32.382400 [info] : Client[6](127.0.0.1:38629) in, userCount:1
2022-03-03 18:49:32.382450 [info] : Timer add : id=6,count:3
2022-03-03 18:49:32.382458 [info] : DealListen:6
2022-03-03 18:50:10.282958 [debug]: [GET], [/index.html], [1.1]
2022-03-03 18:50:10.283032 [debug]: IsKeepAlive:0
2022-03-03 18:50:10.283123 [info] : writev
2022-03-03 18:50:10.283149 [info] : CloseConn6
2022-03-03 18:50:10.283898 [info] : Client[-1763377150]((null):1061156528) quit, UserCount:38629
2022-03-03 18:50:10.648539 [info] : Client[6](127.0.0.1:50917) in, userCount:1
2022-03-03 18:50:10.648575 [info] : Timer add : id=6,count:3
2022-03-03 18:50:10.648581 [info] : DealListen:6
2022-03-03 18:50:10.651597 [debug]: [GET], [/css/bootstrap.min.css], [1.1]
2022-03-03 18:50:10.651649 [debug]: IsKeepAlive:0
2022-03-03 18:50:10.651776 [info] : writev
2022-03-03 18:50:10.651803 [info] : CloseConn6
2022-03-03 18:50:10.652656 [info] : Client[-958070782]((null):1010800304) quit, UserCount:50917
2022-03-03 18:50:10.803794 [info] : Client[6](127.0.0.1:51429) in, userCount:1
2022-03-03 18:50:10.803827 [info] : Timer add : id=6,count:3
2022-03-03 18:50:10.803834 [info] : DealListen:6
2022-03-03 18:50:10.803892 [info] : Client[7](127.0.0.1:51941) in, userCount:2
2022-03-03 18:50:10.803918 [info] : Timer add : id=7,count:3
2022-03-03 18:50:10.803923 [info] : DealListen:7
2022-03-03 18:50:10.807851 [debug]: [GET], [/css/animate.css], [1.1]
2022-03-03 18:50:10.807906 [debug]: IsKeepAlive:0
2022-03-03 18:50:10.808015 [info] : writev
2022-03-03 18:50:10.808024 [info] : CloseConn6
2022-03-03 18:50:10.811436 [info] : Client[6](127.0.0.1:52453) in, userCount:2
2022-03-03 18:50:10.811528 [info] : Client[-857407486]((null):1044371120) quit, UserCount:52453
2022-03-03 18:50:10.811565 [info] : Timer add : id=6,count:3
2022-03-03 18:50:10.811598 [info] : DealListen:6
2022-03-03 18:50:10.811633 [info] : Client[8](127.0.0.1:52965) in, userCount:3
2022-03-03 18:50:10.811664 [info] : Timer add : id=8,count:3
2022-03-03 18:50:10.811694 [info] : DealListen:8
2022-03-03 18:50:10.812660 [info] : Client[9](127.0.0.1:53477) in, userCount:4
2022-03-03 18:50:10.812690 [info] : Timer add : id=9,count:4
2022-03-03 18:50:10.812698 [info] : DealListen:9
2022-03-03 18:50:10.817562 [debug]: [GET], [/css/style.css], [1.1]
2022-03-03 18:50:10.823397 [debug]: IsKeepAlive:0
2022-03-03 18:50:10.823656 [info] : writev
2022-03-03 18:50:10.823672 [info] : CloseConn6
2022-03-03 18:50:10.824128 [info] : Client[-857407486]((null):1035978416) quit, UserCount:52453
2022-03-03 18:50:10.824155 [debug]: [GET], [/css/font-awesome.min.css], [1.1]
2022-03-03 18:50:10.824163 [debug]: IsKeepAlive:0
2022-03-03 18:50:10.824468 [info] : writev
2022-03-03 18:50:10.824481 [info] : CloseConn8
2022-03-03 18:50:10.824789 [info] : Client[-823853054]((null):1010800304) quit, UserCount:52965
2022-03-03 18:50:10.824813 [debug]: [GET], [/js/jquery.js], [1.1]
2022-03-03 18:50:10.824820 [debug]: IsKeepAlive:0
2022-03-03 18:50:10.824867 [debug]: [GET], [/css/magnific-popup.css], [1.1]
2022-03-03 18:50:10.824929 [debug]: IsKeepAlive:0
2022-03-03 18:50:10.825760 [info] : writev
2022-03-03 18:50:10.825779 [info] : CloseConn9
2022-03-03 18:50:10.826105 [info] : Client[-790298622]((null):1044371120) quit, UserCount:53477
2022-03-03 18:50:10.826294 [info] : writev
2022-03-03 18:50:10.826343 [info] : CloseConn7
2022-03-03 18:50:10.826678 [info] : Client[-890961918]((null):1044371120) quit, UserCount:51941
2022-03-03 18:50:11.140678 [info] : Client[6](127.0.0.1:55013) in, userCount:1
2022-03-03 18:50:11.140727 [info] : Timer add : id=6,count:4
2022-03-03 18:50:11.140734 [info] : DealListen:6
2022-03-03 18:50:11.145538 [debug]: [GET], [/images/lirenjie.jpg], [1.1]
2022-03-03 18:50:11.145593 [debug]: IsKeepAlive:0
2022-03-03 18:50:11.145720 [info] : writev
2022-03-03 18:50:11.145746 [info] : CloseConn6
2022-03-03 18:50:11.146585 [info] : Client[-689635326]((null):1019193008) quit, UserCount:55013
2022-03-03 18:50:11.316548 [info] : Client[6](127.0.0.1:57061) in, userCount:1
2022-03-03 18:50:11.316581 [info] : Timer add : id=6,count:4
2022-03-03 18:50:11.316589 [info] : DealListen:6
2022-03-03 18:50:11.319800 [debug]: [GET], [/js/bootstrap.min.js], [1.1]
2022-03-03 18:50:11.319853 [debug]: IsKeepAlive:0
2022-03-03 18:50:11.319948 [info] : writev
2022-03-03 18:50:11.319973 [info] : CloseConn6
2022-03-03 18:50:11.320518 [info] : Client[-555417598]((null):1061156528) quit, UserCount:57061
2022-03-03 18:50:11.321983 [info] : Client[6](127.0.0.1:57573) in, userCount:1
2022-03-03 18:50:11.322002 [info] : Timer add : id=6,count:4
2022-03-03 18:50:11.322009 [info] : DealListen:6
2022-03-03 18:50:11.322018 [info] : Client[7](127.0.0.1:58085) in, userCount:2
2022-03-03 18:50:11.322023 [info] : Timer add : id=7,count:4
2022-03-03 18:50:11.322028 [info] : DealListen:7
2022-03-03 18:50:11.322031 [info] : CloseConn6
2022-03-03 18:50:11.322046 [info] : Client[-521863166]((null):1069553392) quit, UserCount:57573
2022-03-03 18:50:11.322053 [info] : CloseConn7
2022-03-03 18:50:11.322062 [info] : Client[-488308734]((null):1069553392) quit, UserCount:58085
2022-03-03 18:50:11.397921 [info] : Client[6](127.0.0.1:59621) in, userCount:1
2022-03-03 18:50:11.397969 [info] : Timer add : id=6,count:4
2022-03-03 18:50:11.397977 [info] : DealListen:6
2022-03-03 18:50:11.398817 [info] : Client[7](127.0.0.1:60133) in, userCount:2
2022-03-03 18:50:11.398845 [info] : Timer add : id=7,count:4
2022-03-03 18:50:11.398853 [info] : DealListen:7
2022-03-03 18:50:11.638426 [info] : Client[8](127.0.0.1:61157) in, userCount:3
2022-03-03 18:50:11.638480 [info] : Timer add : id=8,count:4
2022-03-03 18:50:11.638489 [info] : DealListen:8
2022-03-03 18:50:22.924853 [debug]: [GET], [/index.html], [1.1]
2022-03-03 18:50:22.924927 [debug]: IsKeepAlive:0
2022-03-03 18:50:22.925010 [info] : writev
2022-03-03 18:50:22.925036 [info] : CloseConn6
2022-03-03 18:50:22.925746 [info] : Client[-387645438]((null):1027585712) quit, UserCount:59621
2022-03-03 18:50:22.964870 [debug]: [GET], [/css/bootstrap.min.css], [1.1]
2022-03-03 18:50:22.967879 [debug]: IsKeepAlive:0
2022-03-03 18:50:22.968872 [info] : writev
2022-03-03 18:50:22.968890 [info] : CloseConn7
2022-03-03 18:50:22.969270 [info] : Client[-354091006]((null):1035978416) quit, UserCount:60133
2022-03-03 18:50:22.969303 [debug]: [GET], [/css/animate.css], [1.1]
2022-03-03 18:50:22.969379 [debug]: IsKeepAlive:0
2022-03-03 18:50:22.970032 [info] : writev
2022-03-03 18:50:22.970050 [info] : CloseConn8
2022-03-03 18:50:22.970374 [info] : Client[-286982142]((null):1019193008) quit, UserCount:61157
2022-03-03 18:50:23.314793 [info] : Client[6](127.0.0.1:1766) in, userCount:1
2022-03-03 18:50:23.314842 [info] : Timer add : id=6,count:4
2022-03-03 18:50:23.314851 [info] : DealListen:6
2022-03-03 18:50:23.318133 [debug]: [GET], [/css/magnific-popup.css], [1.1]
2022-03-03 18:50:23.318183 [debug]: IsKeepAlive:0
2022-03-03 18:50:23.319050 [info] : writev
2022-03-03 18:50:23.319064 [info] : CloseConn6
2022-03-03 18:50:23.320040 [info] : Client[6](127.0.0.1:2278) in, userCount:1
2022-03-03 18:50:23.320070 [info] : Timer add : id=6,count:4
2022-03-03 18:50:23.320078 [info] : DealListen:6
2022-03-03 18:50:23.320087 [info] : Client[7](127.0.0.1:2790) in, userCount:2
2022-03-03 18:50:23.320092 [info] : Timer add : id=7,count:4
2022-03-03 18:50:23.320097 [info] : DealListen:7
2022-03-03 18:50:23.323330 [info] : Client[8](127.0.0.1:3302) in, userCount:3
2022-03-03 18:50:23.323369 [info] : Timer add : id=8,count:4
2022-03-03 18:50:23.323376 [info] : DealListen:8
2022-03-03 18:50:23.326366 [debug]: [GET], [/css/font-awesome.min.css], [1.1]
2022-03-03 18:50:23.326405 [debug]: IsKeepAlive:0
2022-03-03 18:50:23.326511 [info] : writev
2022-03-03 18:50:23.326521 [info] : CloseConn6
2022-03-03 18:50:23.327049 [info] : Client[149291010]((null):1061156528) quit, UserCount:2278
2022-03-03 18:50:23.329953 [info] : Client[149291010]((null):1027585712) quit, UserCount:2278
2022-03-03 18:50:23.332865 [debug]: [GET], [/js/jquery.js], [1.1]
2022-03-03 18:50:23.333619 [debug]: [GET], [/css/style.css], [1.1]
2022-03-03 18:50:23.333664 [debug]: IsKeepAlive:0
2022-03-03 18:50:23.333924 [info] : writev
2022-03-03 18:50:23.333941 [info] : CloseConn7
2022-03-03 18:50:23.334280 [info] : Client[182845442]((null):1019193008) quit, UserCount:2790
2022-03-03 18:50:23.334339 [debug]: IsKeepAlive:0
2022-03-03 18:50:23.335120 [info] : writev
2022-03-03 18:50:23.335182 [info] : CloseConn8
2022-03-03 18:50:23.335515 [info] : Client[216399874]((null):1069549232) quit, UserCount:3302
2022-03-03 18:50:23.501768 [info] : Client[6](127.0.0.1:4326) in, userCount:1
2022-03-03 18:50:23.501801 [info] : Timer add : id=6,count:4
2022-03-03 18:50:23.501809 [info] : DealListen:6
2022-03-03 18:50:23.504751 [debug]: [GET], [/images/lirenjie.jpg], [1.1]
2022-03-03 18:50:23.504806 [debug]: IsKeepAlive:0
2022-03-03 18:50:23.504930 [info] : writev
2022-03-03 18:50:23.504940 [info] : CloseConn6
2022-03-03 18:50:23.505770 [info] : Client[283508738]((null):1044371120) quit, UserCount:4326
2022-03-03 18:50:23.667422 [info] : Client[6](127.0.0.1:5862) in, userCount:1
2022-03-03 18:50:23.667468 [info] : Timer add : id=6,count:4
2022-03-03 18:50:23.667476 [info] : DealListen:6
2022-03-03 18:50:23.670603 [debug]: [GET], [/js/bootstrap.min.js], [1.1]
2022-03-03 18:50:23.670658 [debug]: IsKeepAlive:0
2022-03-03 18:50:23.670753 [info] : writev
2022-03-03 18:50:23.670762 [info] : CloseConn6
2022-03-03 18:50:23.671993 [info] : Client[384172034]((null):1052763824) quit, UserCount:5862
2022-03-03 18:50:23.731398 [info] : Client[6](127.0.0.1:7398) in, userCount:1
2022-03-03 18:50:23.731448 [info] : Timer add : id=6,count:4
2022-03-03 18:50:23.731456 [info] : DealListen:6
2022-03-03 18:50:23.734712 [debug]: [GET], [/js/smoothscroll.js], [1.1]
2022-03-03 18:50:23.734766 [debug]: IsKeepAlive:0
2022-03-03 18:50:23.734845 [info] : writev
2022-03-03 18:50:23.734853 [info] : CloseConn6
2022-03-03 18:50:23.735391 [info] : Client[484835330]((null):1035978416) quit, UserCount:7398
2022-03-03 18:50:23.745296 [info] : Client[6](127.0.0.1:7910) in, userCount:1
2022-03-03 18:50:23.745331 [info] : Timer add : id=6,count:4
2022-03-03 18:50:23.745339 [info] : DealListen:6
2022-03-03 18:50:23.749573 [debug]: [GET], [/js/jquery.magnific-popup.min.js], [1.1]
2022-03-03 18:50:23.749619 [debug]: IsKeepAlive:0
2022-03-03 18:50:23.749700 [info] : writev
2022-03-03 18:50:23.749709 [info] : CloseConn6
2022-03-03 18:50:23.751088 [info] : Client[518389762]((null):1027585712) quit, UserCount:7910
2022-03-03 18:50:23.751132 [info] : Client[6](127.0.0.1:8422) in, userCount:1
2022-03-03 18:50:23.751144 [info] : Timer add : id=6,count:4
2022-03-03 18:50:23.751151 [info] : DealListen:6
2022-03-03 18:50:23.754574 [debug]: [GET], [/js/magnific-popup-options.js], [1.1]
2022-03-03 18:50:23.754641 [debug]: IsKeepAlive:0
2022-03-03 18:50:23.754841 [info] : writev
2022-03-03 18:50:23.754856 [info] : CloseConn6
2022-03-03 18:50:23.755171 [info] : Client[551944194]((null):1044371120) quit, UserCount:8422
2022-03-03 18:50:23.812512 [info] : Client[6](127.0.0.1:9958) in, userCount:1
2022-03-03 18:50:23.812556 [info] : Timer add : id=6,count:4
2022-03-03 18:50:23.812564 [info] : DealListen:6
2022-03-03 18:50:23.815989 [debug]: [GET], [/js/wow.min.js], [1.1]
2022-03-03 18:50:23.816046 [debug]: IsKeepAlive:0
2022-03-03 18:50:23.816125 [info] : writev
2022-03-03 18:50:23.816134 [info] : CloseConn6
2022-03-03 18:50:23.816627 [info] : Client[652607490]((null):1052763824) quit, UserCount:9958
2022-03-03 18:50:23.997664 [info] : Client[6](127.0.0.1:10982) in, userCount:1
2022-03-03 18:50:23.997711 [info] : Timer add : id=6,count:4
2022-03-03 18:50:23.997719 [info] : DealListen:6
2022-03-03 18:50:24.000726 [debug]: [GET], [/js/custom.js], [1.1]
2022-03-03 18:50:24.000781 [debug]: IsKeepAlive:0
2022-03-03 18:50:24.000855 [info] : writev
2022-03-03 18:50:24.000864 [info] : CloseConn6
2022-03-03 18:50:24.001334 [info] : Client[719716354]((null):1035978416) quit, UserCount:10982
2022-03-03 18:50:24.383668 [info] : Client[6](127.0.0.1:12006) in, userCount:1
2022-03-03 18:50:24.383720 [info] : Timer add : id=6,count:4
2022-03-03 18:50:24.383729 [info] : DealListen:6
2022-03-03 18:50:24.386863 [debug]: [GET], [/images/favicon.ico], [1.1]
2022-03-03 18:50:24.386915 [debug]: IsKeepAlive:0
2022-03-03 18:50:24.387015 [info] : writev
2022-03-03 18:50:24.387024 [info] : CloseConn6
2022-03-03 18:50:24.388029 [info] : Client[786825218]((null):1027585712) quit, UserCount:12006
2022-03-03 18:50:24.648175 [info] : Client[6](127.0.0.1:13030) in, userCount:1
2022-03-03 18:50:24.648224 [info] : Timer add : id=6,count:4
2022-03-03 18:50:24.648233 [info] : DealListen:6
2022-03-03 18:50:47.158303 [debug]: [GET], [/index.html], [1.1]
2022-03-03 18:50:47.158436 [debug]: IsKeepAlive:0
2022-03-03 18:50:47.158738 [info] : writev
2022-03-03 18:50:47.158800 [info] : CloseConn6
2022-03-03 18:50:47.159257 [info] : Client[853934082]((null):1010800304) quit, UserCount:13030
2022-03-03 18:50:47.508842 [info] : Client[6](127.0.0.1:19686) in, userCount:1
2022-03-03 18:50:47.508875 [info] : Timer add : id=6,count:4
2022-03-03 18:50:47.508883 [info] : DealListen:6
2022-03-03 18:50:47.512715 [debug]: [GET], [/css/bootstrap.min.css], [1.1]
2022-03-03 18:50:47.512774 [debug]: IsKeepAlive:0
2022-03-03 18:50:47.512912 [info] : writev
2022-03-03 18:50:47.512922 [info] : CloseConn6
2022-03-03 18:50:47.514326 [info] : Client[1290141698]((null):1052763824) quit, UserCount:19686
2022-03-03 18:50:47.738666 [info] : Client[6](127.0.0.1:22758) in, userCount:1
2022-03-03 18:50:47.738715 [info] : Timer add : id=6,count:4
2022-03-03 18:50:47.738723 [info] : DealListen:6
2022-03-03 18:50:47.742303 [debug]: [GET], [/css/animate.css], [1.1]
2022-03-03 18:50:47.742414 [debug]: IsKeepAlive:0
2022-03-03 18:50:47.742551 [info] : writev
2022-03-03 18:50:47.742560 [info] : CloseConn6
2022-03-03 18:50:47.743944 [info] : Client[1491468290]((null):1035978416) quit, UserCount:22758
2022-03-03 18:50:47.743990 [info] : Client[6](127.0.0.1:23270) in, userCount:1
2022-03-03 18:50:47.744004 [info] : Timer add : id=6,count:4
2022-03-03 18:50:47.744010 [info] : DealListen:6
2022-03-03 18:50:47.744020 [info] : Client[7](127.0.0.1:23782) in, userCount:2
2022-03-03 18:50:47.744024 [info] : Timer add : id=7,count:4
2022-03-03 18:50:47.744030 [info] : DealListen:7
2022-03-03 18:50:47.749584 [debug]: [GET], [/css/font-awesome.min.css], [1.1]
2022-03-03 18:50:47.750110 [debug]: [GET], [/css/magnific-popup.css], [1.1]
2022-03-03 18:50:47.750154 [debug]: IsKeepAlive:0
2022-03-03 18:50:47.750193 [debug]: IsKeepAlive:0
2022-03-03 18:50:47.751668 [info] : writev
2022-03-03 18:50:47.751720 [info] : CloseConn7
2022-03-03 18:50:47.752041 [info] : Client[8](127.0.0.1:24294) in, userCount:2
2022-03-03 18:50:47.752058 [info] : Timer add : id=8,count:4
2022-03-03 18:50:47.752065 [info] : DealListen:8
2022-03-03 18:50:47.752076 [info] : Client[7](127.0.0.1:24806) in, userCount:3
2022-03-03 18:50:47.752081 [info] : Timer add : id=7,count:4
2022-03-03 18:50:47.752085 [info] : DealListen:7
2022-03-03 18:50:47.752107 [info] : Client[1625686018]((null):1010800304) quit, UserCount:24806
2022-03-03 18:50:47.758155 [debug]: [GET], [/css/style.css], [1.1]
2022-03-03 18:50:47.760317 [debug]: IsKeepAlive:0
2022-03-03 18:50:47.760499 [info] : writev
2022-03-03 18:50:47.760513 [info] : CloseConn8
2022-03-03 18:50:47.760842 [info] : Client[1592131586]((null):1019193008) quit, UserCount:24294
2022-03-03 18:50:47.760867 [info] : writev
2022-03-03 18:50:47.760874 [info] : CloseConn6
2022-03-03 18:50:47.761157 [info] : Client[1525022722]((null):1052763824) quit, UserCount:23270
2022-03-03 18:50:47.761222 [debug]: [GET], [/js/jquery.js], [1.1]
2022-03-03 18:50:47.761259 [debug]: IsKeepAlive:0
2022-03-03 18:50:47.762176 [info] : writev
2022-03-03 18:50:47.762194 [info] : CloseConn7
2022-03-03 18:50:47.762509 [info] : Client[1625686018]((null):1035978416) quit, UserCount:24806
2022-03-03 18:50:48.069673 [info] : Client[6](127.0.0.1:25830) in, userCount:1
2022-03-03 18:50:48.069721 [info] : Timer add : id=6,count:4
2022-03-03 18:50:48.069730 [info] : DealListen:6
2022-03-03 18:50:48.072776 [debug]: [GET], [/images/lirenjie.jpg], [1.1]
2022-03-03 18:50:48.072827 [debug]: IsKeepAlive:0
2022-03-03 18:50:48.072948 [info] : writev
2022-03-03 18:50:48.072957 [info] : CloseConn6
2022-03-03 18:50:48.073762 [info] : Client[1692794882]((null):1069549232) quit, UserCount:25830
2022-03-03 18:50:48.269306 [info] : Client[6](127.0.0.1:28390) in, userCount:1
2022-03-03 18:50:48.269355 [info] : Timer add : id=6,count:4
2022-03-03 18:50:48.269362 [info] : DealListen:6
2022-03-03 18:50:48.272352 [debug]: [GET], [/js/bootstrap.min.js], [1.1]
2022-03-03 18:50:48.272408 [debug]: IsKeepAlive:0
2022-03-03 18:50:48.272507 [info] : writev
2022-03-03 18:50:48.272516 [info] : CloseConn6
2022-03-03 18:50:48.273767 [info] : Client[6](127.0.0.1:28902) in, userCount:1
2022-03-03 18:50:48.273799 [info] : Timer add : id=6,count:4
2022-03-03 18:50:48.273807 [info] : DealListen:6
2022-03-03 18:50:48.273827 [info] : Client[1894121474]((null):1019193008) quit, UserCount:28902
2022-03-03 18:50:48.277060 [debug]: [GET], [/js/smoothscroll.js], [1.1]
2022-03-03 18:50:48.277138 [debug]: IsKeepAlive:0
2022-03-03 18:50:48.280672 [info] : writev
2022-03-03 18:50:48.280698 [info] : CloseConn6
2022-03-03 18:50:48.284642 [info] : Client[1894121474]((null):1052763824) quit, UserCount:28902
2022-03-03 18:50:48.284846 [info] : Client[6](127.0.0.1:29414) in, userCount:1
2022-03-03 18:50:48.284873 [info] : Timer add : id=6,count:4
2022-03-03 18:50:48.284880 [info] : DealListen:6
2022-03-03 18:50:48.284962 [info] : Client[7](127.0.0.1:29926) in, userCount:2
2022-03-03 18:50:48.284979 [info] : Timer add : id=7,count:4
2022-03-03 18:50:48.284984 [info] : DealListen:7
2022-03-03 18:50:48.288248 [debug]: [GET], [/js/jquery.magnific-popup.min.js], [1.1]
2022-03-03 18:50:48.288294 [debug]: IsKeepAlive:0
2022-03-03 18:50:48.288371 [info] : writev
2022-03-03 18:50:48.288380 [info] : CloseConn6
2022-03-03 18:50:48.290437 [info] : Client[1927675906]((null):1044371120) quit, UserCount:29414
2022-03-03 18:50:48.292625 [debug]: [GET], [/js/magnific-popup-options.js], [1.1]
2022-03-03 18:50:48.294832 [debug]: IsKeepAlive:0
2022-03-03 18:50:48.294917 [info] : writev
2022-03-03 18:50:48.294927 [info] : CloseConn7
2022-03-03 18:50:48.295328 [info] : Client[1961230338]((null):1069549232) quit, UserCount:29926
2022-03-03 18:50:48.394131 [info] : Client[6](127.0.0.1:30950) in, userCount:1
2022-03-03 18:50:48.394177 [info] : Timer add : id=6,count:4
2022-03-03 18:50:48.394185 [info] : DealListen:6
2022-03-03 18:50:48.397169 [debug]: [GET], [/js/wow.min.js], [1.1]
2022-03-03 18:50:48.397262 [debug]: IsKeepAlive:0
2022-03-03 18:50:48.397339 [info] : writev
2022-03-03 18:50:48.397348 [info] : CloseConn6
2022-03-03 18:50:48.397822 [info] : Client[2028339202]((null):1019193008) quit, UserCount:30950
2022-03-03 18:50:48.607898 [info] : Client[6](127.0.0.1:31974) in, userCount:1
2022-03-03 18:50:48.607947 [info] : Timer add : id=6,count:4
2022-03-03 18:50:48.607956 [info] : DealListen:6
2022-03-03 18:50:48.611094 [debug]: [GET], [/js/custom.js], [1.1]
2022-03-03 18:50:48.611144 [debug]: IsKeepAlive:0
2022-03-03 18:50:48.611221 [info] : writev
2022-03-03 18:50:48.611230 [info] : CloseConn6
2022-03-03 18:50:48.611956 [info] : Client[2095448066]((null):1052763824) quit, UserCount:31974
2022-03-03 18:50:48.994800 [info] : Client[6](127.0.0.1:32998) in, userCount:1
2022-03-03 18:50:48.994859 [info] : Timer add : id=6,count:4
2022-03-03 18:50:48.994867 [info] : DealListen:6
2022-03-03 18:50:48.998011 [debug]: [GET], [/images/favicon.ico], [1.1]
2022-03-03 18:50:48.998085 [debug]: IsKeepAlive:0
2022-03-03 18:50:48.998193 [info] : writev
2022-03-03 18:50:48.998203 [info] : CloseConn6
2022-03-03 18:50:48.999173 [info] : Client[-2132410366]((null):1044371120) quit, UserCount:32998
2022-03-03 18:50:49.262305 [info] : Client[6](127.0.0.1:34022) in, userCount:1
2022-03-03 18:50:49.262353 [info] : Timer add : id=6,count:4
2022-03-03 18:50:49.262362 [info] : DealListen:6
2022-03-03 18:51:08.713752 [debug]: [GET], [/index.html], [1.1]
2022-03-03 18:51:08.713928 [debug]: IsKeepAlive:0
2022-03-03 18:51:08.714219 [info] : writev
2022-03-03 18:51:08.714238 [info] : CloseConn6
2022-03-03 18:51:08.714690 [info] : Client[-2065301502]((null):1069549232) quit, UserCount:34022
2022-03-03 18:51:09.051390 [info] : Client[6](127.0.0.1:39654) in, userCount:1
2022-03-03 18:51:09.051440 [info] : Timer add : id=6,count:4
2022-03-03 18:51:09.051449 [info] : DealListen:6
2022-03-03 18:51:09.054470 [debug]: [GET], [/css/bootstrap.min.css], [1.1]
2022-03-03 18:51:09.054519 [debug]: IsKeepAlive:0
2022-03-03 18:51:09.054645 [info] : writev
2022-03-03 18:51:09.054654 [info] : CloseConn6
2022-03-03 18:51:09.055501 [info] : Client[-1696202750]((null):1019193008) quit, UserCount:39654
2022-03-03 18:51:09.273605 [info] : Client[6](127.0.0.1:42726) in, userCount:1
2022-03-03 18:51:09.273651 [info] : Timer add : id=6,count:4
2022-03-03 18:51:09.273660 [info] : DealListen:6
2022-03-03 18:51:09.273765 [info] : Client[7](127.0.0.1:43238) in, userCount:2
2022-03-03 18:51:09.273783 [info] : Timer add : id=7,count:4
2022-03-03 18:51:09.273790 [info] : DealListen:7
2022-03-03 18:51:09.276897 [debug]: [GET], [/css/animate.css], [1.1]
2022-03-03 18:51:09.277054 [debug]: IsKeepAlive:0
2022-03-03 18:51:09.277178 [info] : writev
2022-03-03 18:51:09.277188 [info] : CloseConn6
2022-03-03 18:51:09.279670 [info] : Client[-1494876158]((null):1052763824) quit, UserCount:42726
2022-03-03 18:51:09.279717 [info] : Client[6](127.0.0.1:43750) in, userCount:2
2022-03-03 18:51:09.279730 [info] : Timer add : id=6,count:4
2022-03-03 18:51:09.279737 [info] : DealListen:6
2022-03-03 18:51:09.279746 [info] : Client[8](127.0.0.1:44262) in, userCount:3
2022-03-03 18:51:09.279751 [info] : Timer add : id=8,count:4
2022-03-03 18:51:09.279756 [info] : DealListen:8
2022-03-03 18:51:09.279764 [info] : Client[9](127.0.0.1:44774) in, userCount:4
2022-03-03 18:51:09.279768 [info] : Timer add : id=9,count:4
2022-03-03 18:51:09.279773 [info] : DealListen:9
2022-03-03 18:51:09.282265 [debug]: [GET], [/css/magnific-popup.css], [1.1]
2022-03-03 18:51:09.289538 [debug]: [GET], [/css/font-awesome.min.css], [1.1]
2022-03-03 18:51:09.289559 [debug]: [GET], [/css/style.css], [1.1]
2022-03-03 18:51:09.289602 [debug]: IsKeepAlive:0
2022-03-03 18:51:09.289858 [info] : writev
2022-03-03 18:51:09.289872 [info] : CloseConn8
2022-03-03 18:51:09.290228 [info] : Client[-1394212862]((null):1061156528) quit, UserCount:44262
2022-03-03 18:51:09.290262 [debug]: IsKeepAlive:0
2022-03-03 18:51:09.290271 [debug]: IsKeepAlive:0
2022-03-03 18:51:09.290853 [info] : writev
2022-03-03 18:51:09.290902 [info] : CloseConn6
2022-03-03 18:51:09.291205 [info] : Client[-1427767294]((null):1019193008) quit, UserCount:43750
2022-03-03 18:51:09.291461 [info] : writev
2022-03-03 18:51:09.291517 [info] : CloseConn7
2022-03-03 18:51:09.291817 [info] : Client[-1461321726]((null):1044371120) quit, UserCount:43238
2022-03-03 18:51:09.294022 [debug]: [GET], [/js/jquery.js], [1.1]
2022-03-03 18:51:09.294075 [debug]: IsKeepAlive:0
2022-03-03 18:51:09.294830 [info] : writev
2022-03-03 18:51:09.294848 [info] : CloseConn9
2022-03-03 18:51:09.295143 [info] : Client[-1360658430]((null):1052763824) quit, UserCount:44774
2022-03-03 18:51:09.605286 [info] : Client[6](127.0.0.1:45798) in, userCount:1
2022-03-03 18:51:09.605335 [info] : Timer add : id=6,count:4
2022-03-03 18:51:09.605343 [info] : DealListen:6
2022-03-03 18:51:09.608415 [debug]: [GET], [/images/lirenjie.jpg], [1.1]
2022-03-03 18:51:09.608483 [debug]: IsKeepAlive:0
2022-03-03 18:51:09.608609 [info] : writev
2022-03-03 18:51:09.608617 [info] : CloseConn6
2022-03-03 18:51:09.609402 [info] : Client[-1293549566]((null):1069549232) quit, UserCount:45798
2022-03-03 18:51:09.777863 [info] : Client[6](127.0.0.1:48358) in, userCount:1
2022-03-03 18:51:09.777911 [info] : Timer add : id=6,count:4
2022-03-03 18:51:09.777919 [info] : DealListen:6
2022-03-03 18:51:09.781046 [debug]: [GET], [/js/bootstrap.min.js], [1.1]
2022-03-03 18:51:09.781199 [debug]: IsKeepAlive:0
2022-03-03 18:51:09.781299 [info] : writev
2022-03-03 18:51:09.781308 [info] : CloseConn6
2022-03-03 18:51:09.783474 [info] : Client[6](127.0.0.1:48870) in, userCount:1
2022-03-03 18:51:09.783506 [info] : Timer add : id=6,count:4
2022-03-03 18:51:09.783515 [info] : DealListen:6
2022-03-03 18:51:09.783607 [info] : Client[7](127.0.0.1:49382) in, userCount:2
2022-03-03 18:51:09.783624 [info] : Timer add : id=7,count:4
2022-03-03 18:51:09.783629 [info] : DealListen:7
2022-03-03 18:51:09.783700 [info] : Client[8](127.0.0.1:49894) in, userCount:3
2022-03-03 18:51:09.783717 [info] : Timer add : id=8,count:4
2022-03-03 18:51:09.783722 [info] : DealListen:8
2022-03-03 18:51:09.783788 [info] : Client[-1092222974]((null):1010800304) quit, UserCount:48870
2022-03-03 18:51:09.791831 [debug]: [GET], [/js/jquery.magnific-popup.min.js], [1.1]
2022-03-03 18:51:09.793500 [debug]: [GET], [/js/magnific-popup-options.js], [1.1]
2022-03-03 18:51:09.793535 [debug]: IsKeepAlive:0
2022-03-03 18:51:09.793752 [info] : writev
2022-03-03 18:51:09.793767 [info] : CloseConn8
2022-03-03 18:51:09.794111 [info] : Client[-1025114110]((null):1027585712) quit, UserCount:49894
2022-03-03 18:51:09.793518 [debug]: [GET], [/js/smoothscroll.js], [1.1]
2022-03-03 18:51:09.794175 [debug]: IsKeepAlive:0
2022-03-03 18:51:09.794518 [info] : writev
2022-03-03 18:51:09.794532 [info] : CloseConn7
2022-03-03 18:51:09.794827 [info] : Client[-1058668542]((null):1061156528) quit, UserCount:49382
2022-03-03 18:51:09.794852 [debug]: IsKeepAlive:0
2022-03-03 18:51:09.795070 [info] : writev
2022-03-03 18:51:09.795089 [info] : CloseConn6
2022-03-03 18:51:09.795546 [info] : Client[-1092222974]((null):1069549232) quit, UserCount:48870
2022-03-03 18:51:09.869532 [info] : Client[6](127.0.0.1:50918) in, userCount:1
2022-03-03 18:51:09.869580 [info] : Timer add : id=6,count:4
2022-03-03 18:51:09.869589 [info] : DealListen:6
2022-03-03 18:51:09.872599 [debug]: [GET], [/js/wow.min.js], [1.1]
2022-03-03 18:51:09.872648 [debug]: IsKeepAlive:0
2022-03-03 18:51:09.872725 [info] : writev
2022-03-03 18:51:09.872733 [info] : CloseConn6
2022-03-03 18:51:09.873215 [info] : Client[-958005246]((null):1010800304) quit, UserCount:50918
2022-03-03 18:51:10.097587 [info] : Client[6](127.0.0.1:51942) in, userCount:1
2022-03-03 18:51:10.097636 [info] : Timer add : id=6,count:4
2022-03-03 18:51:10.097645 [info] : DealListen:6
2022-03-03 18:51:10.100722 [debug]: [GET], [/js/custom.js], [1.1]
2022-03-03 18:51:10.100780 [debug]: IsKeepAlive:0
2022-03-03 18:51:10.100857 [info] : writev
2022-03-03 18:51:10.100866 [info] : CloseConn6
2022-03-03 18:51:10.101287 [info] : Client[-890896382]((null):1027585712) quit, UserCount:51942
2022-03-03 18:52:09.353064 [info] : CloseConn9
2022-03-03 18:52:09.793396 [info] : CloseConn8
2022-03-03 18:52:09.793449 [info] : CloseConn7
